<<<<<<< HEAD
test tetstststssts tsttstts

NoMethodError (undefined method `available_wallets' for nil:NilClass):
  app/controllers/wallets_controller.rb:8:in `get_wallets'



NoMethodError (undefined method `available_wallets' for nil:NilClass):
  app/controllers/wallets_controller.rb:8:in `get_wallets'



SyntaxError (/var/www/html/HubsBackOffice/app/controllers/mtn_cis_controller.rb:256: syntax error, unexpected keyword_else, expecting keyword_end
/var/www/html/HubsBackOffice/app/controllers/mtn_cis_controller.rb:625: syntax error, unexpected end-of-input, expecting keyword_end):
  activesupport (4.0.0) lib/active_support/dependencies.rb:423:in `load'
  activesupport (4.0.0) lib/active_support/dependencies.rb:423:in `block in load_file'
  activesupport (4.0.0) lib/active_support/dependencies.rb:615:in `new_constants_in'
  activesupport (4.0.0) lib/active_support/dependencies.rb:422:in `load_file'
  activesupport (4.0.0) lib/active_support/dependencies.rb:323:in `require_or_load'
  activesupport (4.0.0) lib/active_support/dependencies.rb:462:in `load_missing_constant'
  activesupport (4.0.0) lib/active_support/dependencies.rb:183:in `const_missing'
  activesupport (4.0.0) lib/active_support/inflector/methods.rb:226:in `const_get'
  activesupport (4.0.0) lib/active_support/inflector/methods.rb:226:in `block in constantize'
  activesupport (4.0.0) lib/active_support/inflector/methods.rb:224:in `each'
  activesupport (4.0.0) lib/active_support/inflector/methods.rb:224:in `inject'
  activesupport (4.0.0) lib/active_support/inflector/methods.rb:224:in `constantize'
  activesupport (4.0.0) lib/active_support/dependencies.rb:534:in `get'
  activesupport (4.0.0) lib/active_support/dependencies.rb:565:in `constantize'
  actionpack (4.0.0) lib/action_dispatch/routing/route_set.rb:76:in `controller_reference'
  actionpack (4.0.0) lib/action_dispatch/routing/route_set.rb:66:in `controller'
  actionpack (4.0.0) lib/action_dispatch/routing/route_set.rb:44:in `call'
  actionpack (4.0.0) lib/action_dispatch/journey/router.rb:71:in `block in call'
  actionpack (4.0.0) lib/action_dispatch/journey/router.rb:59:in `each'
  actionpack (4.0.0) lib/action_dispatch/journey/router.rb:59:in `call'
  actionpack (4.0.0) lib/action_dispatch/routing/route_set.rb:655:in `call'
  rack (1.5.2) lib/rack/etag.rb:23:in `call'
  rack (1.5.2) lib/rack/conditionalget.rb:25:in `call'
  rack (1.5.2) lib/rack/head.rb:11:in `call'
  actionpack (4.0.0) lib/action_dispatch/middleware/params_parser.rb:27:in `call'
  actionpack (4.0.0) lib/action_dispatch/middleware/flash.rb:241:in `call'
  rack (1.5.2) lib/rack/session/abstract/id.rb:225:in `context'
  rack (1.5.2) lib/rack/session/abstract/id.rb:220:in `call'
  actionpack (4.0.0) lib/action_dispatch/middleware/cookies.rb:486:in `call'
  activerecord (4.0.0) lib/active_record/query_cache.rb:36:in `call'
  activerecord (4.0.0) lib/active_record/connection_adapters/abstract/connection_pool.rb:626:in `call'
  activerecord (4.0.0) lib/active_record/migration.rb:369:in `call'
  actionpack (4.0.0) lib/action_dispatch/middleware/callbacks.rb:29:in `block in call'
  activesupport (4.0.0) lib/active_support/callbacks.rb:373:in `_run__3103979179119398507__call__callbacks'
  activesupport (4.0.0) lib/active_support/callbacks.rb:80:in `run_callbacks'
  actionpack (4.0.0) lib/action_dispatch/middleware/callbacks.rb:27:in `call'
  actionpack (4.0.0) lib/action_dispatch/middleware/reloader.rb:64:in `call'
  actionpack (4.0.0) lib/action_dispatch/middleware/remote_ip.rb:76:in `call'
  actionpack (4.0.0) lib/action_dispatch/middleware/debug_exceptions.rb:17:in `call'
  actionpack (4.0.0) lib/action_dispatch/middleware/show_exceptions.rb:30:in `call'
  railties (4.0.0) lib/rails/rack/logger.rb:38:in `call_app'
  railties (4.0.0) lib/rails/rack/logger.rb:21:in `block in call'
  activesupport (4.0.0) lib/active_support/tagged_logging.rb:67:in `block in tagged'
  activesupport (4.0.0) lib/active_support/tagged_logging.rb:25:in `tagged'
  activesupport (4.0.0) lib/active_support/tagged_logging.rb:67:in `tagged'
  railties (4.0.0) lib/rails/rack/logger.rb:21:in `call'
  actionpack (4.0.0) lib/action_dispatch/middleware/request_id.rb:21:in `call'
  rack (1.5.2) lib/rack/methodoverride.rb:21:in `call'
  rack (1.5.2) lib/rack/runtime.rb:17:in `call'
  activesupport (4.0.0) lib/active_support/cache/strategy/local_cache.rb:83:in `call'
  rack (1.5.2) lib/rack/lock.rb:17:in `call'
  actionpack (4.0.0) lib/action_dispatch/middleware/static.rb:64:in `call'
  railties (4.0.0) lib/rails/engine.rb:511:in `call'
  railties (4.0.0) lib/rails/application.rb:97:in `call'
  activerecord (4.0.0) lib/active_record/connection_adapters/abstract/connection_pool.rb:626:in `call'
  passenger (4.0.56) lib/phusion_passenger/rack/thread_handler_extension.rb:74:in `process_request'
  passenger (4.0.56) lib/phusion_passenger/request_handler/thread_handler.rb:141:in `accept_and_process_next_request'
  passenger (4.0.56) lib/phusion_passenger/request_handler/thread_handler.rb:109:in `main_loop'
  passenger (4.0.56) lib/phusion_passenger/request_handler.rb:455:in `block (3 levels) in start_threads'



SyntaxError (/var/www/html/HubsBackOffice/app/controllers/mtn_cis_controller.rb:256: syntax error, unexpected keyword_else, expecting keyword_end
/var/www/html/HubsBackOffice/app/controllers/mtn_cis_controller.rb:625: syntax error, unexpected end-of-input, expecting keyword_end):
  activesupport (4.0.0) lib/active_support/dependencies.rb:423:in `load'
  activesupport (4.0.0) lib/active_support/dependencies.rb:423:in `block in load_file'
  activesupport (4.0.0) lib/active_support/dependencies.rb:615:in `new_constants_in'
  activesupport (4.0.0) lib/active_support/dependencies.rb:422:in `load_file'
  activesupport (4.0.0) lib/active_support/dependencies.rb:323:in `require_or_load'
  activesupport (4.0.0) lib/active_support/dependencies.rb:462:in `load_missing_constant'
  activesupport (4.0.0) lib/active_support/dependencies.rb:183:in `const_missing'
  activesupport (4.0.0) lib/active_support/inflector/methods.rb:226:in `const_get'
  activesupport (4.0.0) lib/active_support/inflector/methods.rb:226:in `block in constantize'
  activesupport (4.0.0) lib/active_support/inflector/methods.rb:224:in `each'
  activesupport (4.0.0) lib/active_support/inflector/methods.rb:224:in `inject'
  activesupport (4.0.0) lib/active_support/inflector/methods.rb:224:in `constantize'
  activesupport (4.0.0) lib/active_support/dependencies.rb:534:in `get'
  activesupport (4.0.0) lib/active_support/dependencies.rb:565:in `constantize'
  actionpack (4.0.0) lib/action_dispatch/routing/route_set.rb:76:in `controller_reference'
  actionpack (4.0.0) lib/action_dispatch/routing/route_set.rb:66:in `controller'
  actionpack (4.0.0) lib/action_dispatch/routing/route_set.rb:44:in `call'
  actionpack (4.0.0) lib/action_dispatch/journey/router.rb:71:in `block in call'
  actionpack (4.0.0) lib/action_dispatch/journey/router.rb:59:in `each'
  actionpack (4.0.0) lib/action_dispatch/journey/router.rb:59:in `call'
  actionpack (4.0.0) lib/action_dispatch/routing/route_set.rb:655:in `call'
  rack (1.5.2) lib/rack/etag.rb:23:in `call'
  rack (1.5.2) lib/rack/conditionalget.rb:25:in `call'
  rack (1.5.2) lib/rack/head.rb:11:in `call'
  actionpack (4.0.0) lib/action_dispatch/middleware/params_parser.rb:27:in `call'
  actionpack (4.0.0) lib/action_dispatch/middleware/flash.rb:241:in `call'
  rack (1.5.2) lib/rack/session/abstract/id.rb:225:in `context'
  rack (1.5.2) lib/rack/session/abstract/id.rb:220:in `call'
  actionpack (4.0.0) lib/action_dispatch/middleware/cookies.rb:486:in `call'
  activerecord (4.0.0) lib/active_record/query_cache.rb:36:in `call'
  activerecord (4.0.0) lib/active_record/connection_adapters/abstract/connection_pool.rb:626:in `call'
  activerecord (4.0.0) lib/active_record/migration.rb:369:in `call'
  actionpack (4.0.0) lib/action_dispatch/middleware/callbacks.rb:29:in `block in call'
  activesupport (4.0.0) lib/active_support/callbacks.rb:373:in `_run__3103979179119398507__call__callbacks'
  activesupport (4.0.0) lib/active_support/callbacks.rb:80:in `run_callbacks'
  actionpack (4.0.0) lib/action_dispatch/middleware/callbacks.rb:27:in `call'
  actionpack (4.0.0) lib/action_dispatch/middleware/reloader.rb:64:in `call'
  actionpack (4.0.0) lib/action_dispatch/middleware/remote_ip.rb:76:in `call'
  actionpack (4.0.0) lib/action_dispatch/middleware/debug_exceptions.rb:17:in `call'
  actionpack (4.0.0) lib/action_dispatch/middleware/show_exceptions.rb:30:in `call'
  railties (4.0.0) lib/rails/rack/logger.rb:38:in `call_app'
  railties (4.0.0) lib/rails/rack/logger.rb:21:in `block in call'
  activesupport (4.0.0) lib/active_support/tagged_logging.rb:67:in `block in tagged'
  activesupport (4.0.0) lib/active_support/tagged_logging.rb:25:in `tagged'
  activesupport (4.0.0) lib/active_support/tagged_logging.rb:67:in `tagged'
  railties (4.0.0) lib/rails/rack/logger.rb:21:in `call'
  actionpack (4.0.0) lib/action_dispatch/middleware/request_id.rb:21:in `call'
  rack (1.5.2) lib/rack/methodoverride.rb:21:in `call'
  rack (1.5.2) lib/rack/runtime.rb:17:in `call'
  activesupport (4.0.0) lib/active_support/cache/strategy/local_cache.rb:83:in `call'
  rack (1.5.2) lib/rack/lock.rb:17:in `call'
  actionpack (4.0.0) lib/action_dispatch/middleware/static.rb:64:in `call'
  railties (4.0.0) lib/rails/engine.rb:511:in `call'
  railties (4.0.0) lib/rails/application.rb:97:in `call'
  activerecord (4.0.0) lib/active_record/connection_adapters/abstract/connection_pool.rb:626:in `call'
  passenger (4.0.56) lib/phusion_passenger/rack/thread_handler_extension.rb:74:in `process_request'
  passenger (4.0.56) lib/phusion_passenger/request_handler/thread_handler.rb:141:in `accept_and_process_next_request'
  passenger (4.0.56) lib/phusion_passenger/request_handler/thread_handler.rb:109:in `main_loop'
  passenger (4.0.56) lib/phusion_passenger/request_handler.rb:455:in `block (3 levels) in start_threads'



SyntaxError (/var/www/html/HubsBackOffice/app/controllers/mtn_cis_controller.rb:256: syntax error, unexpected keyword_else, expecting keyword_end
/var/www/html/HubsBackOffice/app/controllers/mtn_cis_controller.rb:625: syntax error, unexpected end-of-input, expecting keyword_end):
  activesupport (4.0.0) lib/active_support/dependencies.rb:423:in `load'
  activesupport (4.0.0) lib/active_support/dependencies.rb:423:in `block in load_file'
  activesupport (4.0.0) lib/active_support/dependencies.rb:615:in `new_constants_in'
  activesupport (4.0.0) lib/active_support/dependencies.rb:422:in `load_file'
  activesupport (4.0.0) lib/active_support/dependencies.rb:323:in `require_or_load'
  activesupport (4.0.0) lib/active_support/dependencies.rb:462:in `load_missing_constant'
  activesupport (4.0.0) lib/active_support/dependencies.rb:183:in `const_missing'
  activesupport (4.0.0) lib/active_support/inflector/methods.rb:226:in `const_get'
  activesupport (4.0.0) lib/active_support/inflector/methods.rb:226:in `block in constantize'
  activesupport (4.0.0) lib/active_support/inflector/methods.rb:224:in `each'
  activesupport (4.0.0) lib/active_support/inflector/methods.rb:224:in `inject'
  activesupport (4.0.0) lib/active_support/inflector/methods.rb:224:in `constantize'
  activesupport (4.0.0) lib/active_support/dependencies.rb:534:in `get'
  activesupport (4.0.0) lib/active_support/dependencies.rb:565:in `constantize'
  actionpack (4.0.0) lib/action_dispatch/routing/route_set.rb:76:in `controller_reference'
  actionpack (4.0.0) lib/action_dispatch/routing/route_set.rb:66:in `controller'
  actionpack (4.0.0) lib/action_dispatch/routing/route_set.rb:44:in `call'
  actionpack (4.0.0) lib/action_dispatch/journey/router.rb:71:in `block in call'
  actionpack (4.0.0) lib/action_dispatch/journey/router.rb:59:in `each'
  actionpack (4.0.0) lib/action_dispatch/journey/router.rb:59:in `call'
  actionpack (4.0.0) lib/action_dispatch/routing/route_set.rb:655:in `call'
  rack (1.5.2) lib/rack/etag.rb:23:in `call'
  rack (1.5.2) lib/rack/conditionalget.rb:25:in `call'
  rack (1.5.2) lib/rack/head.rb:11:in `call'
  actionpack (4.0.0) lib/action_dispatch/middleware/params_parser.rb:27:in `call'
  actionpack (4.0.0) lib/action_dispatch/middleware/flash.rb:241:in `call'
  rack (1.5.2) lib/rack/session/abstract/id.rb:225:in `context'
  rack (1.5.2) lib/rack/session/abstract/id.rb:220:in `call'
  actionpack (4.0.0) lib/action_dispatch/middleware/cookies.rb:486:in `call'
  activerecord (4.0.0) lib/active_record/query_cache.rb:36:in `call'
  activerecord (4.0.0) lib/active_record/connection_adapters/abstract/connection_pool.rb:626:in `call'
  activerecord (4.0.0) lib/active_record/migration.rb:369:in `call'
  actionpack (4.0.0) lib/action_dispatch/middleware/callbacks.rb:29:in `block in call'
  activesupport (4.0.0) lib/active_support/callbacks.rb:373:in `_run__3103979179119398507__call__callbacks'
  activesupport (4.0.0) lib/active_support/callbacks.rb:80:in `run_callbacks'
  actionpack (4.0.0) lib/action_dispatch/middleware/callbacks.rb:27:in `call'
  actionpack (4.0.0) lib/action_dispatch/middleware/reloader.rb:64:in `call'
  actionpack (4.0.0) lib/action_dispatch/middleware/remote_ip.rb:76:in `call'
  actionpack (4.0.0) lib/action_dispatch/middleware/debug_exceptions.rb:17:in `call'
  actionpack (4.0.0) lib/action_dispatch/middleware/show_exceptions.rb:30:in `call'
  railties (4.0.0) lib/rails/rack/logger.rb:38:in `call_app'
  railties (4.0.0) lib/rails/rack/logger.rb:21:in `block in call'
  activesupport (4.0.0) lib/active_support/tagged_logging.rb:67:in `block in tagged'
  activesupport (4.0.0) lib/active_support/tagged_logging.rb:25:in `tagged'
  activesupport (4.0.0) lib/active_support/tagged_logging.rb:67:in `tagged'
  railties (4.0.0) lib/rails/rack/logger.rb:21:in `call'
  actionpack (4.0.0) lib/action_dispatch/middleware/request_id.rb:21:in `call'
  rack (1.5.2) lib/rack/methodoverride.rb:21:in `call'
  rack (1.5.2) lib/rack/runtime.rb:17:in `call'
  activesupport (4.0.0) lib/active_support/cache/strategy/local_cache.rb:83:in `call'
  rack (1.5.2) lib/rack/lock.rb:17:in `call'
  actionpack (4.0.0) lib/action_dispatch/middleware/static.rb:64:in `call'
  railties (4.0.0) lib/rails/engine.rb:511:in `call'
  railties (4.0.0) lib/rails/application.rb:97:in `call'
  activerecord (4.0.0) lib/active_record/connection_adapters/abstract/connection_pool.rb:626:in `call'
  passenger (4.0.56) lib/phusion_passenger/rack/thread_handler_extension.rb:74:in `process_request'
  passenger (4.0.56) lib/phusion_passenger/request_handler/thread_handler.rb:141:in `accept_and_process_next_request'
  passenger (4.0.56) lib/phusion_passenger/request_handler/thread_handler.rb:109:in `main_loop'
  passenger (4.0.56) lib/phusion_passenger/request_handler.rb:455:in `block (3 levels) in start_threads'



SyntaxError (/var/www/html/HubsBackOffice/app/controllers/mtn_cis_controller.rb:256: syntax error, unexpected keyword_else, expecting keyword_end
/var/www/html/HubsBackOffice/app/controllers/mtn_cis_controller.rb:625: syntax error, unexpected end-of-input, expecting keyword_end):
  activesupport (4.0.0) lib/active_support/dependencies.rb:423:in `load'
  activesupport (4.0.0) lib/active_support/dependencies.rb:423:in `block in load_file'
  activesupport (4.0.0) lib/active_support/dependencies.rb:615:in `new_constants_in'
  activesupport (4.0.0) lib/active_support/dependencies.rb:422:in `load_file'
  activesupport (4.0.0) lib/active_support/dependencies.rb:323:in `require_or_load'
  activesupport (4.0.0) lib/active_support/dependencies.rb:462:in `load_missing_constant'
  activesupport (4.0.0) lib/active_support/dependencies.rb:183:in `const_missing'
  activesupport (4.0.0) lib/active_support/inflector/methods.rb:226:in `const_get'
  activesupport (4.0.0) lib/active_support/inflector/methods.rb:226:in `block in constantize'
  activesupport (4.0.0) lib/active_support/inflector/methods.rb:224:in `each'
  activesupport (4.0.0) lib/active_support/inflector/methods.rb:224:in `inject'
  activesupport (4.0.0) lib/active_support/inflector/methods.rb:224:in `constantize'
  activesupport (4.0.0) lib/active_support/dependencies.rb:534:in `get'
  activesupport (4.0.0) lib/active_support/dependencies.rb:565:in `constantize'
  actionpack (4.0.0) lib/action_dispatch/routing/route_set.rb:76:in `controller_reference'
  actionpack (4.0.0) lib/action_dispatch/routing/route_set.rb:66:in `controller'
  actionpack (4.0.0) lib/action_dispatch/routing/route_set.rb:44:in `call'
  actionpack (4.0.0) lib/action_dispatch/journey/router.rb:71:in `block in call'
  actionpack (4.0.0) lib/action_dispatch/journey/router.rb:59:in `each'
  actionpack (4.0.0) lib/action_dispatch/journey/router.rb:59:in `call'
  actionpack (4.0.0) lib/action_dispatch/routing/route_set.rb:655:in `call'
  rack (1.5.2) lib/rack/etag.rb:23:in `call'
  rack (1.5.2) lib/rack/conditionalget.rb:25:in `call'
  rack (1.5.2) lib/rack/head.rb:11:in `call'
  actionpack (4.0.0) lib/action_dispatch/middleware/params_parser.rb:27:in `call'
  actionpack (4.0.0) lib/action_dispatch/middleware/flash.rb:241:in `call'
  rack (1.5.2) lib/rack/session/abstract/id.rb:225:in `context'
  rack (1.5.2) lib/rack/session/abstract/id.rb:220:in `call'
  actionpack (4.0.0) lib/action_dispatch/middleware/cookies.rb:486:in `call'
  activerecord (4.0.0) lib/active_record/query_cache.rb:36:in `call'
  activerecord (4.0.0) lib/active_record/connection_adapters/abstract/connection_pool.rb:626:in `call'
  activerecord (4.0.0) lib/active_record/migration.rb:369:in `call'
  actionpack (4.0.0) lib/action_dispatch/middleware/callbacks.rb:29:in `block in call'
  activesupport (4.0.0) lib/active_support/callbacks.rb:373:in `_run__3103979179119398507__call__callbacks'
  activesupport (4.0.0) lib/active_support/callbacks.rb:80:in `run_callbacks'
  actionpack (4.0.0) lib/action_dispatch/middleware/callbacks.rb:27:in `call'
  actionpack (4.0.0) lib/action_dispatch/middleware/reloader.rb:64:in `call'
  actionpack (4.0.0) lib/action_dispatch/middleware/remote_ip.rb:76:in `call'
  actionpack (4.0.0) lib/action_dispatch/middleware/debug_exceptions.rb:17:in `call'
  actionpack (4.0.0) lib/action_dispatch/middleware/show_exceptions.rb:30:in `call'
  railties (4.0.0) lib/rails/rack/logger.rb:38:in `call_app'
  railties (4.0.0) lib/rails/rack/logger.rb:21:in `block in call'
  activesupport (4.0.0) lib/active_support/tagged_logging.rb:67:in `block in tagged'
  activesupport (4.0.0) lib/active_support/tagged_logging.rb:25:in `tagged'
  activesupport (4.0.0) lib/active_support/tagged_logging.rb:67:in `tagged'
  railties (4.0.0) lib/rails/rack/logger.rb:21:in `call'
  actionpack (4.0.0) lib/action_dispatch/middleware/request_id.rb:21:in `call'
  rack (1.5.2) lib/rack/methodoverride.rb:21:in `call'
  rack (1.5.2) lib/rack/runtime.rb:17:in `call'
  activesupport (4.0.0) lib/active_support/cache/strategy/local_cache.rb:83:in `call'
  rack (1.5.2) lib/rack/lock.rb:17:in `call'
  actionpack (4.0.0) lib/action_dispatch/middleware/static.rb:64:in `call'
  railties (4.0.0) lib/rails/engine.rb:511:in `call'
  railties (4.0.0) lib/rails/application.rb:97:in `call'
  activerecord (4.0.0) lib/active_record/connection_adapters/abstract/connection_pool.rb:626:in `call'
  passenger (4.0.56) lib/phusion_passenger/rack/thread_handler_extension.rb:74:in `process_request'
  passenger (4.0.56) lib/phusion_passenger/request_handler/thread_handler.rb:141:in `accept_and_process_next_request'
  passenger (4.0.56) lib/phusion_passenger/request_handler/thread_handler.rb:109:in `main_loop'
  passenger (4.0.56) lib/phusion_passenger/request_handler.rb:455:in `block (3 levels) in start_threads'



ActionView::Template::Error (/var/www/html/HubsBackOffice/app/views/mtn_cis/index.html.erb:83: syntax error, unexpected keyword_elsif, expecting keyword_end
';	       elsif ['3d20d7af-2ecb-4681-8e4f-a5...
  	            ^
/var/www/html/HubsBackOffice/app/views/mtn_cis/index.html.erb:117: syntax error, unexpected keyword_elsif, expecting keyword_end
';				 elsif ['3d20d7af-2ecb-4681-8e4f-a5...
  				      ^):
    80: 		        </div>
    81: 	        </form>
    82: 
    83: 	      <% elsif ['3d20d7af-2ecb-4681-8e4f-a585d7700ee4', '0acae92d-d63c-41d7-b385-d797b95e98dc'].includes?(session[:operation].authentication_token)%>
    84: 		      <form action = "/MTNCI/cashin_mobile" method = "post">
    85: 						<%= hidden_field_tag "transaction_id", "#{@basket.transaction_id rescue @basket.first.transaction_id}" %>
    86: 						<%= hidden_field_tag "paymoney_account_number", session[:paymoney_account_number] %>
  actionpack (4.0.0) lib/action_view/template.rb:299:in `module_eval'
  actionpack (4.0.0) lib/action_view/template.rb:299:in `compile'
  actionpack (4.0.0) lib/action_view/template.rb:248:in `block in compile!'
  actionpack (4.0.0) lib/action_view/template.rb:236:in `synchronize'
  actionpack (4.0.0) lib/action_view/template.rb:236:in `compile!'
  actionpack (4.0.0) lib/action_view/template.rb:142:in `block in render'
  activesupport (4.0.0) lib/active_support/notifications.rb:161:in `instrument'
  actionpack (4.0.0) lib/action_view/template.rb:141:in `render'
  actionpack (4.0.0) lib/action_view/renderer/template_renderer.rb:49:in `block (2 levels) in render_template'
  actionpack (4.0.0) lib/action_view/renderer/abstract_renderer.rb:38:in `block in instrument'
  activesupport (4.0.0) lib/active_support/notifications.rb:159:in `block in instrument'
  activesupport (4.0.0) lib/active_support/notifications/instrumenter.rb:20:in `instrument'
  activesupport (4.0.0) lib/active_support/notifications.rb:159:in `instrument'
  actionpack (4.0.0) lib/action_view/renderer/abstract_renderer.rb:38:in `instrument'
  actionpack (4.0.0) lib/action_view/renderer/template_renderer.rb:48:in `block in render_template'
  actionpack (4.0.0) lib/action_view/renderer/template_renderer.rb:56:in `render_with_layout'
  actionpack (4.0.0) lib/action_view/renderer/template_renderer.rb:47:in `render_template'
  actionpack (4.0.0) lib/action_view/renderer/template_renderer.rb:17:in `render'
  actionpack (4.0.0) lib/action_view/renderer/renderer.rb:42:in `render_template'
  actionpack (4.0.0) lib/action_view/renderer/renderer.rb:23:in `render'
  actionpack (4.0.0) lib/abstract_controller/rendering.rb:127:in `_render_template'
  actionpack (4.0.0) lib/action_controller/metal/streaming.rb:219:in `_render_template'
  actionpack (4.0.0) lib/abstract_controller/rendering.rb:120:in `render_to_body'
  actionpack (4.0.0) lib/action_controller/metal/rendering.rb:33:in `render_to_body'
  actionpack (4.0.0) lib/action_controller/metal/renderers.rb:26:in `render_to_body'
  actionpack (4.0.0) lib/abstract_controller/rendering.rb:97:in `render'
  actionpack (4.0.0) lib/action_controller/metal/rendering.rb:16:in `render'
  actionpack (4.0.0) lib/action_controller/metal/instrumentation.rb:41:in `block (2 levels) in render'
  activesupport (4.0.0) lib/active_support/core_ext/benchmark.rb:12:in `block in ms'
  /home/ngser/.rvm/rubies/ruby-2.0.0-p195/lib/ruby/2.0.0/benchmark.rb:296:in `realtime'
  activesupport (4.0.0) lib/active_support/core_ext/benchmark.rb:12:in `ms'
  actionpack (4.0.0) lib/action_controller/metal/instrumentation.rb:41:in `block in render'
  actionpack (4.0.0) lib/action_controller/metal/instrumentation.rb:84:in `cleanup_view_runtime'
  activerecord (4.0.0) lib/active_record/railties/controller_runtime.rb:25:in `cleanup_view_runtime'
  actionpack (4.0.0) lib/action_controller/metal/instrumentation.rb:40:in `render'
  actionpack (4.0.0) lib/action_controller/metal/implicit_render.rb:10:in `default_render'
  actionpack (4.0.0) lib/action_controller/metal/implicit_render.rb:5:in `send_action'
  actionpack (4.0.0) lib/abstract_controller/base.rb:189:in `process_action'
  actionpack (4.0.0) lib/action_controller/metal/rendering.rb:10:in `process_action'
  actionpack (4.0.0) lib/abstract_controller/callbacks.rb:18:in `block in process_action'
  activesupport (4.0.0) lib/active_support/callbacks.rb:423:in `_run__791077623843068565__process_action__callbacks'
  activesupport (4.0.0) lib/active_support/callbacks.rb:80:in `run_callbacks'
  actionpack (4.0.0) lib/abstract_controller/callbacks.rb:17:in `process_action'
  actionpack (4.0.0) lib/action_controller/metal/rescue.rb:29:in `process_action'
  actionpack (4.0.0) lib/action_controller/metal/instrumentation.rb:31:in `block in process_action'
  activesupport (4.0.0) lib/active_support/notifications.rb:159:in `block in instrument'
  activesupport (4.0.0) lib/active_support/notifications/instrumenter.rb:20:in `instrument'
  activesupport (4.0.0) lib/active_support/notifications.rb:159:in `instrument'
  actionpack (4.0.0) lib/action_controller/metal/instrumentation.rb:30:in `process_action'
  actionpack (4.0.0) lib/action_controller/metal/params_wrapper.rb:245:in `process_action'
  activerecord (4.0.0) lib/active_record/railties/controller_runtime.rb:18:in `process_action'
  actionpack (4.0.0) lib/abstract_controller/base.rb:136:in `process'
  actionpack (4.0.0) lib/abstract_controller/rendering.rb:44:in `process'
  actionpack (4.0.0) lib/action_controller/metal.rb:195:in `dispatch'
  actionpack (4.0.0) lib/action_controller/metal/rack_delegation.rb:13:in `dispatch'
  actionpack (4.0.0) lib/action_controller/metal.rb:231:in `block in action'
  actionpack (4.0.0) lib/action_dispatch/routing/route_set.rb:80:in `call'
  actionpack (4.0.0) lib/action_dispatch/routing/route_set.rb:80:in `dispatch'
  actionpack (4.0.0) lib/action_dispatch/routing/route_set.rb:48:in `call'
  actionpack (4.0.0) lib/action_dispatch/journey/router.rb:71:in `block in call'
  actionpack (4.0.0) lib/action_dispatch/journey/router.rb:59:in `each'
  actionpack (4.0.0) lib/action_dispatch/journey/router.rb:59:in `call'
  actionpack (4.0.0) lib/action_dispatch/routing/route_set.rb:655:in `call'
  rack (1.5.2) lib/rack/etag.rb:23:in `call'
  rack (1.5.2) lib/rack/conditionalget.rb:25:in `call'
  rack (1.5.2) lib/rack/head.rb:11:in `call'
  actionpack (4.0.0) lib/action_dispatch/middleware/params_parser.rb:27:in `call'
  actionpack (4.0.0) lib/action_dispatch/middleware/flash.rb:241:in `call'
  rack (1.5.2) lib/rack/session/abstract/id.rb:225:in `context'
  rack (1.5.2) lib/rack/session/abstract/id.rb:220:in `call'
  actionpack (4.0.0) lib/action_dispatch/middleware/cookies.rb:486:in `call'
  activerecord (4.0.0) lib/active_record/query_cache.rb:36:in `call'
  activerecord (4.0.0) lib/active_record/connection_adapters/abstract/connection_pool.rb:626:in `call'
  activerecord (4.0.0) lib/active_record/migration.rb:369:in `call'
  actionpack (4.0.0) lib/action_dispatch/middleware/callbacks.rb:29:in `block in call'
  activesupport (4.0.0) lib/active_support/callbacks.rb:373:in `_run__3103979179119398507__call__callbacks'
  activesupport (4.0.0) lib/active_support/callbacks.rb:80:in `run_callbacks'
  actionpack (4.0.0) lib/action_dispatch/middleware/callbacks.rb:27:in `call'
  actionpack (4.0.0) lib/action_dispatch/middleware/reloader.rb:64:in `call'
  actionpack (4.0.0) lib/action_dispatch/middleware/remote_ip.rb:76:in `call'
  actionpack (4.0.0) lib/action_dispatch/middleware/debug_exceptions.rb:17:in `call'
  actionpack (4.0.0) lib/action_dispatch/middleware/show_exceptions.rb:30:in `call'
  railties (4.0.0) lib/rails/rack/logger.rb:38:in `call_app'
  railties (4.0.0) lib/rails/rack/logger.rb:21:in `block in call'
  activesupport (4.0.0) lib/active_support/tagged_logging.rb:67:in `block in tagged'
  activesupport (4.0.0) lib/active_support/tagged_logging.rb:25:in `tagged'
  activesupport (4.0.0) lib/active_support/tagged_logging.rb:67:in `tagged'
  railties (4.0.0) lib/rails/rack/logger.rb:21:in `call'
  actionpack (4.0.0) lib/action_dispatch/middleware/request_id.rb:21:in `call'
  rack (1.5.2) lib/rack/methodoverride.rb:21:in `call'
  rack (1.5.2) lib/rack/runtime.rb:17:in `call'
  activesupport (4.0.0) lib/active_support/cache/strategy/local_cache.rb:83:in `call'
  rack (1.5.2) lib/rack/lock.rb:17:in `call'
  actionpack (4.0.0) lib/action_dispatch/middleware/static.rb:64:in `call'
  railties (4.0.0) lib/rails/engine.rb:511:in `call'
  railties (4.0.0) lib/rails/application.rb:97:in `call'
  activerecord (4.0.0) lib/active_record/connection_adapters/abstract/connection_pool.rb:626:in `call'
  passenger (4.0.56) lib/phusion_passenger/rack/thread_handler_extension.rb:74:in `process_request'
  passenger (4.0.56) lib/phusion_passenger/request_handler/thread_handler.rb:141:in `accept_and_process_next_request'
  passenger (4.0.56) lib/phusion_passenger/request_handler/thread_handler.rb:109:in `main_loop'
  passenger (4.0.56) lib/phusion_passenger/request_handler.rb:455:in `block (3 levels) in start_threads'



ActionView::Template::Error (/var/www/html/HubsBackOffice/app/views/mtn_cis/index.html.erb:83: syntax error, unexpected keyword_elsif, expecting keyword_end
';	       elsif ['3d20d7af-2ecb-4681-8e4f-a5...
  	            ^
/var/www/html/HubsBackOffice/app/views/mtn_cis/index.html.erb:117: syntax error, unexpected keyword_elsif, expecting keyword_end
';				 elsif ['3d20d7af-2ecb-4681-8e4f-a5...
  				      ^):
    80: 		        </div>
    81: 	        </form>
    82: 
    83: 	      <% elsif ['3d20d7af-2ecb-4681-8e4f-a585d7700ee4', '0acae92d-d63c-41d7-b385-d797b95e98dc'].includes?(session[:operation].authentication_token)%>
    84: 		      <form action = "/MTNCI/cashin_mobile" method = "post">
    85: 						<%= hidden_field_tag "transaction_id", "#{@basket.transaction_id rescue @basket.first.transaction_id}" %>
    86: 						<%= hidden_field_tag "paymoney_account_number", session[:paymoney_account_number] %>
  actionpack (4.0.0) lib/action_view/template.rb:299:in `module_eval'
  actionpack (4.0.0) lib/action_view/template.rb:299:in `compile'
  actionpack (4.0.0) lib/action_view/template.rb:248:in `block in compile!'
  actionpack (4.0.0) lib/action_view/template.rb:236:in `synchronize'
  actionpack (4.0.0) lib/action_view/template.rb:236:in `compile!'
  actionpack (4.0.0) lib/action_view/template.rb:142:in `block in render'
  activesupport (4.0.0) lib/active_support/notifications.rb:161:in `instrument'
  actionpack (4.0.0) lib/action_view/template.rb:141:in `render'
  actionpack (4.0.0) lib/action_view/renderer/template_renderer.rb:49:in `block (2 levels) in render_template'
  actionpack (4.0.0) lib/action_view/renderer/abstract_renderer.rb:38:in `block in instrument'
  activesupport (4.0.0) lib/active_support/notifications.rb:159:in `block in instrument'
  activesupport (4.0.0) lib/active_support/notifications/instrumenter.rb:20:in `instrument'
  activesupport (4.0.0) lib/active_support/notifications.rb:159:in `instrument'
  actionpack (4.0.0) lib/action_view/renderer/abstract_renderer.rb:38:in `instrument'
  actionpack (4.0.0) lib/action_view/renderer/template_renderer.rb:48:in `block in render_template'
  actionpack (4.0.0) lib/action_view/renderer/template_renderer.rb:56:in `render_with_layout'
  actionpack (4.0.0) lib/action_view/renderer/template_renderer.rb:47:in `render_template'
  actionpack (4.0.0) lib/action_view/renderer/template_renderer.rb:17:in `render'
  actionpack (4.0.0) lib/action_view/renderer/renderer.rb:42:in `render_template'
  actionpack (4.0.0) lib/action_view/renderer/renderer.rb:23:in `render'
  actionpack (4.0.0) lib/abstract_controller/rendering.rb:127:in `_render_template'
  actionpack (4.0.0) lib/action_controller/metal/streaming.rb:219:in `_render_template'
  actionpack (4.0.0) lib/abstract_controller/rendering.rb:120:in `render_to_body'
  actionpack (4.0.0) lib/action_controller/metal/rendering.rb:33:in `render_to_body'
  actionpack (4.0.0) lib/action_controller/metal/renderers.rb:26:in `render_to_body'
  actionpack (4.0.0) lib/abstract_controller/rendering.rb:97:in `render'
  actionpack (4.0.0) lib/action_controller/metal/rendering.rb:16:in `render'
  actionpack (4.0.0) lib/action_controller/metal/instrumentation.rb:41:in `block (2 levels) in render'
  activesupport (4.0.0) lib/active_support/core_ext/benchmark.rb:12:in `block in ms'
  /home/ngser/.rvm/rubies/ruby-2.0.0-p195/lib/ruby/2.0.0/benchmark.rb:296:in `realtime'
  activesupport (4.0.0) lib/active_support/core_ext/benchmark.rb:12:in `ms'
  actionpack (4.0.0) lib/action_controller/metal/instrumentation.rb:41:in `block in render'
  actionpack (4.0.0) lib/action_controller/metal/instrumentation.rb:84:in `cleanup_view_runtime'
  activerecord (4.0.0) lib/active_record/railties/controller_runtime.rb:25:in `cleanup_view_runtime'
  actionpack (4.0.0) lib/action_controller/metal/instrumentation.rb:40:in `render'
  actionpack (4.0.0) lib/action_controller/metal/implicit_render.rb:10:in `default_render'
  actionpack (4.0.0) lib/action_controller/metal/implicit_render.rb:5:in `send_action'
  actionpack (4.0.0) lib/abstract_controller/base.rb:189:in `process_action'
  actionpack (4.0.0) lib/action_controller/metal/rendering.rb:10:in `process_action'
  actionpack (4.0.0) lib/abstract_controller/callbacks.rb:18:in `block in process_action'
  activesupport (4.0.0) lib/active_support/callbacks.rb:423:in `_run__791077623843068565__process_action__callbacks'
  activesupport (4.0.0) lib/active_support/callbacks.rb:80:in `run_callbacks'
  actionpack (4.0.0) lib/abstract_controller/callbacks.rb:17:in `process_action'
  actionpack (4.0.0) lib/action_controller/metal/rescue.rb:29:in `process_action'
  actionpack (4.0.0) lib/action_controller/metal/instrumentation.rb:31:in `block in process_action'
  activesupport (4.0.0) lib/active_support/notifications.rb:159:in `block in instrument'
  activesupport (4.0.0) lib/active_support/notifications/instrumenter.rb:20:in `instrument'
  activesupport (4.0.0) lib/active_support/notifications.rb:159:in `instrument'
  actionpack (4.0.0) lib/action_controller/metal/instrumentation.rb:30:in `process_action'
  actionpack (4.0.0) lib/action_controller/metal/params_wrapper.rb:245:in `process_action'
  activerecord (4.0.0) lib/active_record/railties/controller_runtime.rb:18:in `process_action'
  actionpack (4.0.0) lib/abstract_controller/base.rb:136:in `process'
  actionpack (4.0.0) lib/abstract_controller/rendering.rb:44:in `process'
  actionpack (4.0.0) lib/action_controller/metal.rb:195:in `dispatch'
  actionpack (4.0.0) lib/action_controller/metal/rack_delegation.rb:13:in `dispatch'
  actionpack (4.0.0) lib/action_controller/metal.rb:231:in `block in action'
  actionpack (4.0.0) lib/action_dispatch/routing/route_set.rb:80:in `call'
  actionpack (4.0.0) lib/action_dispatch/routing/route_set.rb:80:in `dispatch'
  actionpack (4.0.0) lib/action_dispatch/routing/route_set.rb:48:in `call'
  actionpack (4.0.0) lib/action_dispatch/journey/router.rb:71:in `block in call'
  actionpack (4.0.0) lib/action_dispatch/journey/router.rb:59:in `each'
  actionpack (4.0.0) lib/action_dispatch/journey/router.rb:59:in `call'
  actionpack (4.0.0) lib/action_dispatch/routing/route_set.rb:655:in `call'
  rack (1.5.2) lib/rack/etag.rb:23:in `call'
  rack (1.5.2) lib/rack/conditionalget.rb:25:in `call'
  rack (1.5.2) lib/rack/head.rb:11:in `call'
  actionpack (4.0.0) lib/action_dispatch/middleware/params_parser.rb:27:in `call'
  actionpack (4.0.0) lib/action_dispatch/middleware/flash.rb:241:in `call'
  rack (1.5.2) lib/rack/session/abstract/id.rb:225:in `context'
  rack (1.5.2) lib/rack/session/abstract/id.rb:220:in `call'
  actionpack (4.0.0) lib/action_dispatch/middleware/cookies.rb:486:in `call'
  activerecord (4.0.0) lib/active_record/query_cache.rb:36:in `call'
  activerecord (4.0.0) lib/active_record/connection_adapters/abstract/connection_pool.rb:626:in `call'
  activerecord (4.0.0) lib/active_record/migration.rb:369:in `call'
  actionpack (4.0.0) lib/action_dispatch/middleware/callbacks.rb:29:in `block in call'
  activesupport (4.0.0) lib/active_support/callbacks.rb:373:in `_run__3103979179119398507__call__callbacks'
  activesupport (4.0.0) lib/active_support/callbacks.rb:80:in `run_callbacks'
  actionpack (4.0.0) lib/action_dispatch/middleware/callbacks.rb:27:in `call'
  actionpack (4.0.0) lib/action_dispatch/middleware/reloader.rb:64:in `call'
  actionpack (4.0.0) lib/action_dispatch/middleware/remote_ip.rb:76:in `call'
  actionpack (4.0.0) lib/action_dispatch/middleware/debug_exceptions.rb:17:in `call'
  actionpack (4.0.0) lib/action_dispatch/middleware/show_exceptions.rb:30:in `call'
  railties (4.0.0) lib/rails/rack/logger.rb:38:in `call_app'
  railties (4.0.0) lib/rails/rack/logger.rb:21:in `block in call'
  activesupport (4.0.0) lib/active_support/tagged_logging.rb:67:in `block in tagged'
  activesupport (4.0.0) lib/active_support/tagged_logging.rb:25:in `tagged'
  activesupport (4.0.0) lib/active_support/tagged_logging.rb:67:in `tagged'
  railties (4.0.0) lib/rails/rack/logger.rb:21:in `call'
  actionpack (4.0.0) lib/action_dispatch/middleware/request_id.rb:21:in `call'
  rack (1.5.2) lib/rack/methodoverride.rb:21:in `call'
  rack (1.5.2) lib/rack/runtime.rb:17:in `call'
  activesupport (4.0.0) lib/active_support/cache/strategy/local_cache.rb:83:in `call'
  rack (1.5.2) lib/rack/lock.rb:17:in `call'
  actionpack (4.0.0) lib/action_dispatch/middleware/static.rb:64:in `call'
  railties (4.0.0) lib/rails/engine.rb:511:in `call'
  railties (4.0.0) lib/rails/application.rb:97:in `call'
  activerecord (4.0.0) lib/active_record/connection_adapters/abstract/connection_pool.rb:626:in `call'
  passenger (4.0.56) lib/phusion_passenger/rack/thread_handler_extension.rb:74:in `process_request'
  passenger (4.0.56) lib/phusion_passenger/request_handler/thread_handler.rb:141:in `accept_and_process_next_request'
  passenger (4.0.56) lib/phusion_passenger/request_handler/thread_handler.rb:109:in `main_loop'
  passenger (4.0.56) lib/phusion_passenger/request_handler.rb:455:in `block (3 levels) in start_threads'



ActionView::Template::Error (undefined method `includes?' for #<Array:0x007f64c5066e78>):
    41: 	    <div class = "block">
    42: 
    43: 		  <div class = "data-fluid" >
    44: 		    <% if !['3d20d7af-2ecb-4681-8e4f-a585d7705423', '3d20d7af-2ecb-4681-8e4f-a585d7700ee4', '0acae92d-d63c-41d7-b385-d797b95e9855', '0acae92d-d63c-41d7-b385-d797b95e98dc', '3dcbb787-cdba-43a0-b38d-1ecda36a1e36'].includes?(session[:operation].authentication_token) %>
    45: 	        <form action = "/MTNCI/ecommerce_payment" method = "post">
    46: 						<%= hidden_field_tag "transaction_id", "#{@basket.transaction_id rescue @basket.first.transaction_id}" %>
    47: 						<div class = "row-form">
  app/views/mtn_cis/index.html.erb:44:in `_app_views_mtn_cis_index_html_erb___1269822135801223078_70035389365760'



NameError (uninitialized constant MtnCisController::Mtn):
  app/controllers/mtn_cis_controller.rb:66:in `ecommerce_payment'



NameError (undefined local variable or method `unload_request' for #<MtnCisController:0x007f64c5e83d30>):
  app/controllers/mtn_cis_controller.rb:186:in `cashin_mobile'



ActionView::MissingTemplate (Missing template mtn_cis/ecommerce_payment, application/ecommerce_payment with {:locale=>[:en], :formats=>[:html], :handlers=>[:erb, :builder, :raw, :ruby, :jbuilder, :coffee, :rabl]}. Searched in:
  * "/var/www/html/HubsBackOffice/app/views"
  * "/home/ngser/.rvm/gems/ruby-2.0.0-p195@rails4.0.7/gems/wash_out-0.9.2/app/views"
):
  actionpack (4.0.0) lib/action_view/path_set.rb:46:in `find'
  actionpack (4.0.0) lib/action_view/lookup_context.rb:115:in `find'
  actionpack (4.0.0) lib/action_view/renderer/abstract_renderer.rb:18:in `find_template'
  actionpack (4.0.0) lib/action_view/renderer/template_renderer.rb:35:in `determine_template'
  actionpack (4.0.0) lib/action_view/renderer/template_renderer.rb:8:in `render'
  actionpack (4.0.0) lib/action_view/renderer/renderer.rb:42:in `render_template'
  actionpack (4.0.0) lib/action_view/renderer/renderer.rb:23:in `render'
  actionpack (4.0.0) lib/abstract_controller/rendering.rb:127:in `_render_template'
  actionpack (4.0.0) lib/action_controller/metal/streaming.rb:219:in `_render_template'
  actionpack (4.0.0) lib/abstract_controller/rendering.rb:120:in `render_to_body'
  actionpack (4.0.0) lib/action_controller/metal/rendering.rb:33:in `render_to_body'
  actionpack (4.0.0) lib/action_controller/metal/renderers.rb:26:in `render_to_body'
  actionpack (4.0.0) lib/abstract_controller/rendering.rb:97:in `render'
  actionpack (4.0.0) lib/action_controller/metal/rendering.rb:16:in `render'
  actionpack (4.0.0) lib/action_controller/metal/instrumentation.rb:41:in `block (2 levels) in render'
  activesupport (4.0.0) lib/active_support/core_ext/benchmark.rb:12:in `block in ms'
  /home/ngser/.rvm/rubies/ruby-2.0.0-p195/lib/ruby/2.0.0/benchmark.rb:296:in `realtime'
  activesupport (4.0.0) lib/active_support/core_ext/benchmark.rb:12:in `ms'
  actionpack (4.0.0) lib/action_controller/metal/instrumentation.rb:41:in `block in render'
  actionpack (4.0.0) lib/action_controller/metal/instrumentation.rb:84:in `cleanup_view_runtime'
  activerecord (4.0.0) lib/active_record/railties/controller_runtime.rb:25:in `cleanup_view_runtime'
  actionpack (4.0.0) lib/action_controller/metal/instrumentation.rb:40:in `render'
  actionpack (4.0.0) lib/action_controller/metal/implicit_render.rb:10:in `default_render'
  actionpack (4.0.0) lib/action_controller/metal/implicit_render.rb:5:in `send_action'
  actionpack (4.0.0) lib/abstract_controller/base.rb:189:in `process_action'
  actionpack (4.0.0) lib/action_controller/metal/rendering.rb:10:in `process_action'
  actionpack (4.0.0) lib/abstract_controller/callbacks.rb:18:in `block in process_action'
  activesupport (4.0.0) lib/active_support/callbacks.rb:423:in `_run__2832691078517286413__process_action__callbacks'
  activesupport (4.0.0) lib/active_support/callbacks.rb:80:in `run_callbacks'
  actionpack (4.0.0) lib/abstract_controller/callbacks.rb:17:in `process_action'
  actionpack (4.0.0) lib/action_controller/metal/rescue.rb:29:in `process_action'
  actionpack (4.0.0) lib/action_controller/metal/instrumentation.rb:31:in `block in process_action'
  activesupport (4.0.0) lib/active_support/notifications.rb:159:in `block in instrument'
  activesupport (4.0.0) lib/active_support/notifications/instrumenter.rb:20:in `instrument'
  activesupport (4.0.0) lib/active_support/notifications.rb:159:in `instrument'
  actionpack (4.0.0) lib/action_controller/metal/instrumentation.rb:30:in `process_action'
  actionpack (4.0.0) lib/action_controller/metal/params_wrapper.rb:245:in `process_action'
  activerecord (4.0.0) lib/active_record/railties/controller_runtime.rb:18:in `process_action'
  actionpack (4.0.0) lib/abstract_controller/base.rb:136:in `process'
  actionpack (4.0.0) lib/abstract_controller/rendering.rb:44:in `process'
  actionpack (4.0.0) lib/action_controller/metal.rb:195:in `dispatch'
  actionpack (4.0.0) lib/action_controller/metal/rack_delegation.rb:13:in `dispatch'
  actionpack (4.0.0) lib/action_controller/metal.rb:231:in `block in action'
  actionpack (4.0.0) lib/action_dispatch/routing/route_set.rb:80:in `call'
  actionpack (4.0.0) lib/action_dispatch/routing/route_set.rb:80:in `dispatch'
  actionpack (4.0.0) lib/action_dispatch/routing/route_set.rb:48:in `call'
  actionpack (4.0.0) lib/action_dispatch/journey/router.rb:71:in `block in call'
  actionpack (4.0.0) lib/action_dispatch/journey/router.rb:59:in `each'
  actionpack (4.0.0) lib/action_dispatch/journey/router.rb:59:in `call'
  actionpack (4.0.0) lib/action_dispatch/routing/route_set.rb:655:in `call'
  rack (1.5.2) lib/rack/etag.rb:23:in `call'
  rack (1.5.2) lib/rack/conditionalget.rb:35:in `call'
  rack (1.5.2) lib/rack/head.rb:11:in `call'
  actionpack (4.0.0) lib/action_dispatch/middleware/params_parser.rb:27:in `call'
  actionpack (4.0.0) lib/action_dispatch/middleware/flash.rb:241:in `call'
  rack (1.5.2) lib/rack/session/abstract/id.rb:225:in `context'
  rack (1.5.2) lib/rack/session/abstract/id.rb:220:in `call'
  actionpack (4.0.0) lib/action_dispatch/middleware/cookies.rb:486:in `call'
  activerecord (4.0.0) lib/active_record/query_cache.rb:36:in `call'
  activerecord (4.0.0) lib/active_record/connection_adapters/abstract/connection_pool.rb:626:in `call'
  activerecord (4.0.0) lib/active_record/migration.rb:369:in `call'
  actionpack (4.0.0) lib/action_dispatch/middleware/callbacks.rb:29:in `block in call'
  activesupport (4.0.0) lib/active_support/callbacks.rb:373:in `_run__1901907637230348005__call__callbacks'
  activesupport (4.0.0) lib/active_support/callbacks.rb:80:in `run_callbacks'
  actionpack (4.0.0) lib/action_dispatch/middleware/callbacks.rb:27:in `call'
  actionpack (4.0.0) lib/action_dispatch/middleware/reloader.rb:64:in `call'
  actionpack (4.0.0) lib/action_dispatch/middleware/remote_ip.rb:76:in `call'
  actionpack (4.0.0) lib/action_dispatch/middleware/debug_exceptions.rb:17:in `call'
  actionpack (4.0.0) lib/action_dispatch/middleware/show_exceptions.rb:30:in `call'
  railties (4.0.0) lib/rails/rack/logger.rb:38:in `call_app'
  railties (4.0.0) lib/rails/rack/logger.rb:21:in `block in call'
  activesupport (4.0.0) lib/active_support/tagged_logging.rb:67:in `block in tagged'
  activesupport (4.0.0) lib/active_support/tagged_logging.rb:25:in `tagged'
  activesupport (4.0.0) lib/active_support/tagged_logging.rb:67:in `tagged'
  railties (4.0.0) lib/rails/rack/logger.rb:21:in `call'
  actionpack (4.0.0) lib/action_dispatch/middleware/request_id.rb:21:in `call'
  rack (1.5.2) lib/rack/methodoverride.rb:21:in `call'
  rack (1.5.2) lib/rack/runtime.rb:17:in `call'
  activesupport (4.0.0) lib/active_support/cache/strategy/local_cache.rb:83:in `call'
  rack (1.5.2) lib/rack/lock.rb:17:in `call'
  actionpack (4.0.0) lib/action_dispatch/middleware/static.rb:64:in `call'
  railties (4.0.0) lib/rails/engine.rb:511:in `call'
  railties (4.0.0) lib/rails/application.rb:97:in `call'
  activerecord (4.0.0) lib/active_record/connection_adapters/abstract/connection_pool.rb:626:in `call'
  passenger (4.0.56) lib/phusion_passenger/rack/thread_handler_extension.rb:74:in `process_request'
  passenger (4.0.56) lib/phusion_passenger/request_handler/thread_handler.rb:141:in `accept_and_process_next_request'
  passenger (4.0.56) lib/phusion_passenger/request_handler/thread_handler.rb:109:in `main_loop'
  passenger (4.0.56) lib/phusion_passenger/request_handler.rb:455:in `block (3 levels) in start_threads'



ActionView::MissingTemplate (Missing template mtn_cis/ecommerce_payment, application/ecommerce_payment with {:locale=>[:en], :formats=>[:html], :handlers=>[:erb, :builder, :raw, :ruby, :jbuilder, :coffee, :rabl]}. Searched in:
  * "/var/www/html/HubsBackOffice/app/views"
  * "/home/ngser/.rvm/gems/ruby-2.0.0-p195@rails4.0.7/gems/wash_out-0.9.2/app/views"
):
  actionpack (4.0.0) lib/action_view/path_set.rb:46:in `find'
  actionpack (4.0.0) lib/action_view/lookup_context.rb:115:in `find'
  actionpack (4.0.0) lib/action_view/renderer/abstract_renderer.rb:18:in `find_template'
  actionpack (4.0.0) lib/action_view/renderer/template_renderer.rb:35:in `determine_template'
  actionpack (4.0.0) lib/action_view/renderer/template_renderer.rb:8:in `render'
  actionpack (4.0.0) lib/action_view/renderer/renderer.rb:42:in `render_template'
  actionpack (4.0.0) lib/action_view/renderer/renderer.rb:23:in `render'
  actionpack (4.0.0) lib/abstract_controller/rendering.rb:127:in `_render_template'
  actionpack (4.0.0) lib/action_controller/metal/streaming.rb:219:in `_render_template'
  actionpack (4.0.0) lib/abstract_controller/rendering.rb:120:in `render_to_body'
  actionpack (4.0.0) lib/action_controller/metal/rendering.rb:33:in `render_to_body'
  actionpack (4.0.0) lib/action_controller/metal/renderers.rb:26:in `render_to_body'
  actionpack (4.0.0) lib/abstract_controller/rendering.rb:97:in `render'
  actionpack (4.0.0) lib/action_controller/metal/rendering.rb:16:in `render'
  actionpack (4.0.0) lib/action_controller/metal/instrumentation.rb:41:in `block (2 levels) in render'
  activesupport (4.0.0) lib/active_support/core_ext/benchmark.rb:12:in `block in ms'
  /home/ngser/.rvm/rubies/ruby-2.0.0-p195/lib/ruby/2.0.0/benchmark.rb:296:in `realtime'
  activesupport (4.0.0) lib/active_support/core_ext/benchmark.rb:12:in `ms'
  actionpack (4.0.0) lib/action_controller/metal/instrumentation.rb:41:in `block in render'
  actionpack (4.0.0) lib/action_controller/metal/instrumentation.rb:84:in `cleanup_view_runtime'
  activerecord (4.0.0) lib/active_record/railties/controller_runtime.rb:25:in `cleanup_view_runtime'
  actionpack (4.0.0) lib/action_controller/metal/instrumentation.rb:40:in `render'
  actionpack (4.0.0) lib/action_controller/metal/implicit_render.rb:10:in `default_render'
  actionpack (4.0.0) lib/action_controller/metal/implicit_render.rb:5:in `send_action'
  actionpack (4.0.0) lib/abstract_controller/base.rb:189:in `process_action'
  actionpack (4.0.0) lib/action_controller/metal/rendering.rb:10:in `process_action'
  actionpack (4.0.0) lib/abstract_controller/callbacks.rb:18:in `block in process_action'
  activesupport (4.0.0) lib/active_support/callbacks.rb:423:in `_run__2832691078517286413__process_action__callbacks'
  activesupport (4.0.0) lib/active_support/callbacks.rb:80:in `run_callbacks'
  actionpack (4.0.0) lib/abstract_controller/callbacks.rb:17:in `process_action'
  actionpack (4.0.0) lib/action_controller/metal/rescue.rb:29:in `process_action'
  actionpack (4.0.0) lib/action_controller/metal/instrumentation.rb:31:in `block in process_action'
  activesupport (4.0.0) lib/active_support/notifications.rb:159:in `block in instrument'
  activesupport (4.0.0) lib/active_support/notifications/instrumenter.rb:20:in `instrument'
  activesupport (4.0.0) lib/active_support/notifications.rb:159:in `instrument'
  actionpack (4.0.0) lib/action_controller/metal/instrumentation.rb:30:in `process_action'
  actionpack (4.0.0) lib/action_controller/metal/params_wrapper.rb:245:in `process_action'
  activerecord (4.0.0) lib/active_record/railties/controller_runtime.rb:18:in `process_action'
  actionpack (4.0.0) lib/abstract_controller/base.rb:136:in `process'
  actionpack (4.0.0) lib/abstract_controller/rendering.rb:44:in `process'
  actionpack (4.0.0) lib/action_controller/metal.rb:195:in `dispatch'
  actionpack (4.0.0) lib/action_controller/metal/rack_delegation.rb:13:in `dispatch'
  actionpack (4.0.0) lib/action_controller/metal.rb:231:in `block in action'
  actionpack (4.0.0) lib/action_dispatch/routing/route_set.rb:80:in `call'
  actionpack (4.0.0) lib/action_dispatch/routing/route_set.rb:80:in `dispatch'
  actionpack (4.0.0) lib/action_dispatch/routing/route_set.rb:48:in `call'
  actionpack (4.0.0) lib/action_dispatch/journey/router.rb:71:in `block in call'
  actionpack (4.0.0) lib/action_dispatch/journey/router.rb:59:in `each'
  actionpack (4.0.0) lib/action_dispatch/journey/router.rb:59:in `call'
  actionpack (4.0.0) lib/action_dispatch/routing/route_set.rb:655:in `call'
  rack (1.5.2) lib/rack/etag.rb:23:in `call'
  rack (1.5.2) lib/rack/conditionalget.rb:35:in `call'
  rack (1.5.2) lib/rack/head.rb:11:in `call'
  actionpack (4.0.0) lib/action_dispatch/middleware/params_parser.rb:27:in `call'
  actionpack (4.0.0) lib/action_dispatch/middleware/flash.rb:241:in `call'
  rack (1.5.2) lib/rack/session/abstract/id.rb:225:in `context'
  rack (1.5.2) lib/rack/session/abstract/id.rb:220:in `call'
  actionpack (4.0.0) lib/action_dispatch/middleware/cookies.rb:486:in `call'
  activerecord (4.0.0) lib/active_record/query_cache.rb:36:in `call'
  activerecord (4.0.0) lib/active_record/connection_adapters/abstract/connection_pool.rb:626:in `call'
  activerecord (4.0.0) lib/active_record/migration.rb:369:in `call'
  actionpack (4.0.0) lib/action_dispatch/middleware/callbacks.rb:29:in `block in call'
  activesupport (4.0.0) lib/active_support/callbacks.rb:373:in `_run__1901907637230348005__call__callbacks'
  activesupport (4.0.0) lib/active_support/callbacks.rb:80:in `run_callbacks'
  actionpack (4.0.0) lib/action_dispatch/middleware/callbacks.rb:27:in `call'
  actionpack (4.0.0) lib/action_dispatch/middleware/reloader.rb:64:in `call'
  actionpack (4.0.0) lib/action_dispatch/middleware/remote_ip.rb:76:in `call'
  actionpack (4.0.0) lib/action_dispatch/middleware/debug_exceptions.rb:17:in `call'
  actionpack (4.0.0) lib/action_dispatch/middleware/show_exceptions.rb:30:in `call'
  railties (4.0.0) lib/rails/rack/logger.rb:38:in `call_app'
  railties (4.0.0) lib/rails/rack/logger.rb:21:in `block in call'
  activesupport (4.0.0) lib/active_support/tagged_logging.rb:67:in `block in tagged'
  activesupport (4.0.0) lib/active_support/tagged_logging.rb:25:in `tagged'
  activesupport (4.0.0) lib/active_support/tagged_logging.rb:67:in `tagged'
  railties (4.0.0) lib/rails/rack/logger.rb:21:in `call'
  actionpack (4.0.0) lib/action_dispatch/middleware/request_id.rb:21:in `call'
  rack (1.5.2) lib/rack/methodoverride.rb:21:in `call'
  rack (1.5.2) lib/rack/runtime.rb:17:in `call'
  activesupport (4.0.0) lib/active_support/cache/strategy/local_cache.rb:83:in `call'
  rack (1.5.2) lib/rack/lock.rb:17:in `call'
  actionpack (4.0.0) lib/action_dispatch/middleware/static.rb:64:in `call'
  railties (4.0.0) lib/rails/engine.rb:511:in `call'
  railties (4.0.0) lib/rails/application.rb:97:in `call'
  activerecord (4.0.0) lib/active_record/connection_adapters/abstract/connection_pool.rb:626:in `call'
  passenger (4.0.56) lib/phusion_passenger/rack/thread_handler_extension.rb:74:in `process_request'
  passenger (4.0.56) lib/phusion_passenger/request_handler/thread_handler.rb:141:in `accept_and_process_next_request'
  passenger (4.0.56) lib/phusion_passenger/request_handler/thread_handler.rb:109:in `main_loop'
  passenger (4.0.56) lib/phusion_passenger/request_handler.rb:455:in `block (3 levels) in start_threads'



NameError (undefined local variable or method `unload_response' for #<MtnCisController:0x007f1bf20f40f0>):
  app/controllers/mtn_cis_controller.rb:344:in `block in cashout_mobile'
  app/controllers/mtn_cis_controller.rb:392:in `cashout_mobile'



NameError (undefined local variable or method `md5_encrytpt' for #<MtnCisController:0x007f1bf1dad180>):
  app/controllers/mtn_cis_controller.rb:198:in `cashin_mobile'



NameError (undefined local variable or method `payment_request' for #<MtnCisController:0x007f436c782d08>):
  app/controllers/mtn_cis_controller.rb:243:in `cashin_mobile'



ActiveRecord::StatementInvalid (PG::CharacterNotInRepertoire: ERREUR:  squence d'octets invalide pour l'encodage  UTF8  : 0xe9 0x65 0x20
: INSERT INTO "om_logs" ("created_at", "log_rl", "updated_at") VALUES ($1, $2, $3) RETURNING "id"):
  app/controllers/mtn_cis_controller.rb:220:in `block in cashin_mobile'
  app/controllers/mtn_cis_controller.rb:243:in `cashin_mobile'



ActiveRecord::StatementInvalid (PG::CharacterNotInRepertoire: ERREUR:  squence d'octets invalide pour l'encodage  UTF8  : 0xe9 0x65 0x20
: INSERT INTO "om_logs" ("created_at", "log_rl", "updated_at") VALUES ($1, $2, $3) RETURNING "id"):
  app/controllers/mtn_cis_controller.rb:220:in `block in cashin_mobile'
  app/controllers/mtn_cis_controller.rb:243:in `cashin_mobile'



ActiveRecord::StatementInvalid (PG::CharacterNotInRepertoire: ERREUR:  squence d'octets invalide pour l'encodage  UTF8  : 0xe9 0x65 0x20
: INSERT INTO "om_logs" ("created_at", "log_rl", "updated_at") VALUES ($1, $2, $3) RETURNING "id"):
  app/controllers/mtn_cis_controller.rb:236:in `block in cashin_mobile'
  app/controllers/mtn_cis_controller.rb:243:in `cashin_mobile'



Encoding::UndefinedConversionError ("\xE9" to UTF-8 in conversion from ASCII-8BIT to UTF-8 to ISO-8859-1):
  app/controllers/mtn_cis_controller.rb:218:in `encode'
  app/controllers/mtn_cis_controller.rb:218:in `block in cashin_mobile'
  app/controllers/mtn_cis_controller.rb:251:in `cashin_mobile'



Encoding::UndefinedConversionError ("\xE9" to UTF-8 in conversion from ASCII-8BIT to UTF-8 to ISO-8859-1):
  app/controllers/mtn_cis_controller.rb:218:in `encode'
  app/controllers/mtn_cis_controller.rb:218:in `block in cashin_mobile'
  app/controllers/mtn_cis_controller.rb:251:in `cashin_mobile'



Encoding::InvalidByteSequenceError ("\xE9" followed by "e" on UTF-8):
  app/controllers/mtn_cis_controller.rb:218:in `encode'
  app/controllers/mtn_cis_controller.rb:218:in `block in cashin_mobile'
  app/controllers/mtn_cis_controller.rb:248:in `cashin_mobile'



ActiveRecord::StatementInvalid (PG::CharacterNotInRepertoire: ERREUR:  squence d'octets invalide pour l'encodage  UTF8  : 0xe9 0x65 0x20
: INSERT INTO "om_logs" ("created_at", "log_rl", "updated_at") VALUES ($1, $2, $3) RETURNING "id"):
  app/controllers/mtn_cis_controller.rb:223:in `block in cashin_mobile'
  app/controllers/mtn_cis_controller.rb:248:in `cashin_mobile'



Encoding::InvalidByteSequenceError ("\xE9" followed by "e" on UTF-8):
  app/controllers/mtn_cis_controller.rb:218:in `encode'
  app/controllers/mtn_cis_controller.rb:218:in `block in cashin_mobile'
  app/controllers/mtn_cis_controller.rb:248:in `cashin_mobile'


=======
  [1m[36mActiveRecord::SchemaMigration Load (18.1ms)[0m  [1mSELECT "schema_migrations".* FROM "schema_migrations"[0m
Migrating to AddEcommerceProfileIdToServices (20160623222955)
  [1m[35m (0.5ms)[0m  BEGIN
  [1m[36m (27.9ms)[0m  [1mALTER TABLE "services" ADD COLUMN "ecommerce_profile_id" integer[0m
PG::DuplicateColumn: ERROR:  column "ecommerce_profile_id" of relation "services" already exists
: ALTER TABLE "services" ADD COLUMN "ecommerce_profile_id" integer
  [1m[35m (0.5ms)[0m  ROLLBACK
  [1m[36mActiveRecord::SchemaMigration Load (1.4ms)[0m  [1mSELECT "schema_migrations".* FROM "schema_migrations"[0m
  [1m[35mActiveRecord::SchemaMigration Load (0.7ms)[0m  SELECT "schema_migrations".* FROM "schema_migrations"
  [1m[36mActiveRecord::SchemaMigration Load (1.3ms)[0m  [1mSELECT "schema_migrations".* FROM "schema_migrations"[0m
Migrating to CreateEcommerceProfiles (20160623223432)
  [1m[35m (0.6ms)[0m  BEGIN
  [1m[36m (172.8ms)[0m  [1mCREATE TABLE "ecommerce_profiles" ("id" serial primary key, "description" character varying(255), "token" character varying(255), "published" boolean, "created_at" timestamp, "updated_at" timestamp) [0m
  [1m[35mSQL (2.7ms)[0m  INSERT INTO "schema_migrations" ("version") VALUES ($1)  [["version", "20160623223432"]]
  [1m[36m (14.2ms)[0m  [1mCOMMIT[0m
  [1m[35mActiveRecord::SchemaMigration Load (0.8ms)[0m  SELECT "schema_migrations".* FROM "schema_migrations"
  [1m[36mActiveRecord::SchemaMigration Load (1.7ms)[0m  [1mSELECT "schema_migrations".* FROM "schema_migrations"[0m
Migrating to AddPaymoneyWalletUrlToParameters (20160623230611)
  [1m[35m (0.5ms)[0m  BEGIN
  [1m[36m (15.1ms)[0m  [1mALTER TABLE "parameters" ADD COLUMN "paymoney_wallet_url" character varying(255)[0m
  [1m[35mSQL (2.0ms)[0m  INSERT INTO "schema_migrations" ("version") VALUES ($1)  [["version", "20160623230611"]]
  [1m[36m (8.8ms)[0m  [1mCOMMIT[0m
  [1m[35mActiveRecord::SchemaMigration Load (1.1ms)[0m  SELECT "schema_migrations".* FROM "schema_migrations"
  [1m[36mActiveRecord::SchemaMigration Load (1.4ms)[0m  [1mSELECT "schema_migrations".* FROM "schema_migrations"[0m
Migrating to CreateLogs (20160624002230)
  [1m[35m (0.5ms)[0m  BEGIN
  [1m[36m (78.1ms)[0m  [1mCREATE TABLE "logs" ("id" serial primary key, "description" character varying(255), "sent_request" text, "sent_response" text, "created_at" timestamp, "updated_at" timestamp) [0m
  [1m[35mSQL (2.4ms)[0m  INSERT INTO "schema_migrations" ("version") VALUES ($1)  [["version", "20160624002230"]]
  [1m[36m (11.7ms)[0m  [1mCOMMIT[0m
  [1m[35mActiveRecord::SchemaMigration Load (0.7ms)[0m  SELECT "schema_migrations".* FROM "schema_migrations"
  [1m[36mActiveRecord::SchemaMigration Load (18.1ms)[0m  [1mSELECT "schema_migrations".* FROM "schema_migrations"[0m
Migrating to AddEcommerceProfileIdToServices (20160624181821)
  [1m[35m (0.5ms)[0m  BEGIN
  [1m[36m (13.2ms)[0m  [1mALTER TABLE "services" ADD COLUMN "ecommerce_profile_id" integer[0m
  [1m[35mSQL (1.6ms)[0m  INSERT INTO "schema_migrations" ("version") VALUES ($1)  [["version", "20160624181821"]]
  [1m[36m (18.7ms)[0m  [1mCOMMIT[0m
  [1m[35mActiveRecord::SchemaMigration Load (0.6ms)[0m  SELECT "schema_migrations".* FROM "schema_migrations"
  [1m[36mActiveRecord::SchemaMigration Load (1.9ms)[0m  [1mSELECT "schema_migrations".* FROM "schema_migrations"[0m
Migrating to AddPaymoneyAccountNumberToLogs (20160624183332)
  [1m[35m (0.6ms)[0m  BEGIN
  [1m[36m (16.2ms)[0m  [1mALTER TABLE "logs" ADD COLUMN "paymoney_account_number" character varying(255)[0m
  [1m[35mSQL (2.4ms)[0m  INSERT INTO "schema_migrations" ("version") VALUES ($1)  [["version", "20160624183332"]]
  [1m[36m (14.7ms)[0m  [1mCOMMIT[0m
  [1m[35mActiveRecord::SchemaMigration Load (1.0ms)[0m  SELECT "schema_migrations".* FROM "schema_migrations"
  [1m[36mActiveRecord::SchemaMigration Load (1.4ms)[0m  [1mSELECT "schema_migrations".* FROM "schema_migrations"[0m
Migrating to AddPaymoneyFieldsToLogs (20160624184732)
  [1m[35m (0.5ms)[0m  BEGIN
  [1m[36m (1.1ms)[0m  [1mALTER TABLE "logs" ADD COLUMN "paymoney_token_request" text[0m
  [1m[35m (0.5ms)[0m  ALTER TABLE "logs" ADD COLUMN "paymoney_token_response" text
  [1m[36mSQL (2.2ms)[0m  [1mINSERT INTO "schema_migrations" ("version") VALUES ($1)[0m  [["version", "20160624184732"]]
  [1m[35m (86.3ms)[0m  COMMIT
  [1m[36mActiveRecord::SchemaMigration Load (0.7ms)[0m  [1mSELECT "schema_migrations".* FROM "schema_migrations"[0m
  [1m[36mActiveRecord::SchemaMigration Load (1.5ms)[0m  [1mSELECT "schema_migrations".* FROM "schema_migrations"[0m
Migrating to AddPaymoneyTokenToOperations (20160624190903)
  [1m[35m (0.5ms)[0m  BEGIN
  [1m[36m (11.7ms)[0m  [1mALTER TABLE "operations" ADD COLUMN "paymoney_token" character varying(255)[0m
  [1m[35mSQL (2.5ms)[0m  INSERT INTO "schema_migrations" ("version") VALUES ($1)  [["version", "20160624190903"]]
  [1m[36m (10.0ms)[0m  [1mCOMMIT[0m
  [1m[35mActiveRecord::SchemaMigration Load (0.9ms)[0m  SELECT "schema_migrations".* FROM "schema_migrations"
  [1m[36mActiveRecord::SchemaMigration Load (62.0ms)[0m  [1mSELECT "schema_migrations".* FROM "schema_migrations"[0m
Migrating to AddPaymoneyFieldsToUbas (20160626225335)
  [1m[35m (0.6ms)[0m  BEGIN
  [1m[36m (135.3ms)[0m  [1mALTER TABLE "ubas" ADD COLUMN "paymoney_account_number" text[0m
  [1m[35m (0.7ms)[0m  ALTER TABLE "ubas" ADD COLUMN "paymoney_account_token" character varying(255)
  [1m[36m (0.9ms)[0m  [1mALTER TABLE "ubas" ADD COLUMN "paymoney_reload_request" text[0m
  [1m[35m (0.9ms)[0m  ALTER TABLE "ubas" ADD COLUMN "paymoney_reload_response" text
  [1m[36m (1.3ms)[0m  [1mALTER TABLE "ubas" ADD COLUMN "paymoney_token_request" text[0m
  [1m[35mSQL (2.1ms)[0m  INSERT INTO "schema_migrations" ("version") VALUES ($1)  [["version", "20160626225335"]]
  [1m[36m (51.9ms)[0m  [1mCOMMIT[0m
  [1m[35mActiveRecord::SchemaMigration Load (0.9ms)[0m  SELECT "schema_migrations".* FROM "schema_migrations"
  [1m[36mActiveRecord::SchemaMigration Load (1.7ms)[0m  [1mSELECT "schema_migrations".* FROM "schema_migrations"[0m
  [1m[35mActiveRecord::SchemaMigration Load (0.8ms)[0m  SELECT "schema_migrations".* FROM "schema_migrations"
Migrating to AddPaymoneyFieldsToUbas (20160626225335)
  [1m[36m (0.5ms)[0m  [1mBEGIN[0m
  [1m[35m (72.5ms)[0m  ALTER TABLE "ubas" DROP "paymoney_token_request"
  [1m[36m (0.6ms)[0m  [1mALTER TABLE "ubas" DROP "paymoney_reload_response"[0m
  [1m[35m (0.5ms)[0m  ALTER TABLE "ubas" DROP "paymoney_reload_request"
  [1m[36m (0.6ms)[0m  [1mALTER TABLE "ubas" DROP "paymoney_account_token"[0m
  [1m[35m (0.6ms)[0m  ALTER TABLE "ubas" DROP "paymoney_account_number"
  [1m[36mSQL (11.2ms)[0m  [1mDELETE FROM "schema_migrations" WHERE "schema_migrations"."version" = '20160626225335'[0m
  [1m[35m (15.3ms)[0m  COMMIT
  [1m[36mActiveRecord::SchemaMigration Load (1.0ms)[0m  [1mSELECT "schema_migrations".* FROM "schema_migrations"[0m
  [1m[36mActiveRecord::SchemaMigration Load (1.4ms)[0m  [1mSELECT "schema_migrations".* FROM "schema_migrations"[0m
Migrating to AddPaymoneyFieldsToUbas (20160626225659)
  [1m[35m (0.6ms)[0m  BEGIN
  [1m[36m (1.5ms)[0m  [1mALTER TABLE "ubas" ADD COLUMN "paymoney_account_number" text[0m
  [1m[35m (0.8ms)[0m  ALTER TABLE "ubas" ADD COLUMN "paymoney_account_token" character varying(255)
  [1m[36m (0.8ms)[0m  [1mALTER TABLE "ubas" ADD COLUMN "paymoney_reload_request" text[0m
  [1m[35m (0.8ms)[0m  ALTER TABLE "ubas" ADD COLUMN "paymoney_reload_response" text
  [1m[36m (0.7ms)[0m  [1mALTER TABLE "ubas" ADD COLUMN "paymoney_token_request" text[0m
  [1m[35mSQL (2.4ms)[0m  INSERT INTO "schema_migrations" ("version") VALUES ($1)  [["version", "20160626225659"]]
  [1m[36m (12.5ms)[0m  [1mCOMMIT[0m
  [1m[35mActiveRecord::SchemaMigration Load (0.9ms)[0m  SELECT "schema_migrations".* FROM "schema_migrations"
  [1m[36mActiveRecord::SchemaMigration Load (52.2ms)[0m  [1mSELECT "schema_migrations".* FROM "schema_migrations"[0m
  [1m[35mActiveRecord::SchemaMigration Load (0.7ms)[0m  SELECT "schema_migrations".* FROM "schema_migrations"
Migrating to AddPaymoneyFieldsToUbas (20160626225659)
  [1m[36m (0.5ms)[0m  [1mBEGIN[0m
  [1m[35m (241.9ms)[0m  ALTER TABLE "ubas" DROP "paymoney_token_request"
  [1m[36m (0.6ms)[0m  [1mALTER TABLE "ubas" DROP "paymoney_reload_response"[0m
  [1m[35m (0.7ms)[0m  ALTER TABLE "ubas" DROP "paymoney_reload_request"
  [1m[36m (0.8ms)[0m  [1mALTER TABLE "ubas" DROP "paymoney_account_token"[0m
  [1m[35m (0.6ms)[0m  ALTER TABLE "ubas" DROP "paymoney_account_number"
  [1m[36mSQL (10.3ms)[0m  [1mDELETE FROM "schema_migrations" WHERE "schema_migrations"."version" = '20160626225659'[0m
  [1m[35m (23.4ms)[0m  COMMIT
  [1m[36mActiveRecord::SchemaMigration Load (1.1ms)[0m  [1mSELECT "schema_migrations".* FROM "schema_migrations"[0m
  [1m[36mActiveRecord::SchemaMigration Load (1.3ms)[0m  [1mSELECT "schema_migrations".* FROM "schema_migrations"[0m
Migrating to AddPaymoneyFieldsToUbas (20160627095649)
  [1m[35m (0.7ms)[0m  BEGIN
  [1m[36m (20.8ms)[0m  [1mALTER TABLE "ubas" ADD COLUMN "paymoney_account_number" text[0m
  [1m[35m (0.9ms)[0m  ALTER TABLE "ubas" ADD COLUMN "paymoney_account_token" character varying(255)
  [1m[36m (0.9ms)[0m  [1mALTER TABLE "ubas" ADD COLUMN "paymoney_reload_request" text[0m
  [1m[35m (0.5ms)[0m  ALTER TABLE "ubas" ADD COLUMN "paymoney_reload_response" text
  [1m[36m (0.5ms)[0m  [1mALTER TABLE "ubas" ADD COLUMN "paymoney_token_request" text[0m
  [1m[35m (0.5ms)[0m  ALTER TABLE "ubas" ADD COLUMN "paymoney_transaction_id" character varying(255)
  [1m[36mSQL (2.2ms)[0m  [1mINSERT INTO "schema_migrations" ("version") VALUES ($1)[0m  [["version", "20160627095649"]]
  [1m[35m (16.1ms)[0m  COMMIT
  [1m[36mActiveRecord::SchemaMigration Load (1.1ms)[0m  [1mSELECT "schema_migrations".* FROM "schema_migrations"[0m
  [1m[36mActiveRecord::SchemaMigration Load (1.4ms)[0m  [1mSELECT "schema_migrations".* FROM "schema_migrations"[0m
Migrating to AddPaymoneyFieldsToBaskets (20160627142649)
  [1m[35m (0.5ms)[0m  BEGIN
  [1m[36m (11.4ms)[0m  [1mALTER TABLE "baskets" ADD COLUMN "paymoney_account_number" text[0m
  [1m[35m (1.3ms)[0m  ALTER TABLE "baskets" ADD COLUMN "paymoney_account_token" character varying(255)
  [1m[36m (1.0ms)[0m  [1mALTER TABLE "baskets" ADD COLUMN "paymoney_reload_request" text[0m
  [1m[35m (0.9ms)[0m  ALTER TABLE "baskets" ADD COLUMN "paymoney_reload_response" text
  [1m[36m (0.8ms)[0m  [1mALTER TABLE "baskets" ADD COLUMN "paymoney_token_request" text[0m
  [1m[35m (0.8ms)[0m  ALTER TABLE "baskets" ADD COLUMN "paymoney_transaction_id" character varying(255)
  [1m[36mSQL (2.1ms)[0m  [1mINSERT INTO "schema_migrations" ("version") VALUES ($1)[0m  [["version", "20160627142649"]]
  [1m[35m (5.2ms)[0m  COMMIT
  [1m[36mActiveRecord::SchemaMigration Load (1.0ms)[0m  [1mSELECT "schema_migrations".* FROM "schema_migrations"[0m
  [1m[36mActiveRecord::SchemaMigration Load (1.6ms)[0m  [1mSELECT "schema_migrations".* FROM "schema_migrations"[0m
Migrating to AddGatewayWalletUrlToParameters (20160627145211)
  [1m[35m (0.6ms)[0m  BEGIN
  [1m[36m (19.9ms)[0m  [1mALTER TABLE "parameters" ADD COLUMN "gateway_wallet_url" character varying(255)[0m
  [1m[35mSQL (1.9ms)[0m  INSERT INTO "schema_migrations" ("version") VALUES ($1)  [["version", "20160627145211"]]
  [1m[36m (5.4ms)[0m  [1mCOMMIT[0m
  [1m[35mActiveRecord::SchemaMigration Load (1.0ms)[0m  SELECT "schema_migrations".* FROM "schema_migrations"
  [1m[36mActiveRecord::SchemaMigration Load (28.4ms)[0m  [1mSELECT "schema_migrations".* FROM "schema_migrations"[0m
Migrating to AddPaymoneyFieldsToPaypalBaskets (20160628120321)
  [1m[35m (0.8ms)[0m  BEGIN
  [1m[36m (118.8ms)[0m  [1mALTER TABLE "paypal_baskets" ADD COLUMN "paymoney_account_number" text[0m
  [1m[35m (0.6ms)[0m  ALTER TABLE "paypal_baskets" ADD COLUMN "paymoney_account_token" character varying(255)
  [1m[36m (0.6ms)[0m  [1mALTER TABLE "paypal_baskets" ADD COLUMN "paymoney_reload_request" text[0m
  [1m[35m (0.6ms)[0m  ALTER TABLE "paypal_baskets" ADD COLUMN "paymoney_reload_response" text
  [1m[36m (0.7ms)[0m  [1mALTER TABLE "paypal_baskets" ADD COLUMN "paymoney_token_request" text[0m
  [1m[35m (0.7ms)[0m  ALTER TABLE "paypal_baskets" ADD COLUMN "paymoney_transaction_id" character varying(255)
  [1m[36mSQL (2.0ms)[0m  [1mINSERT INTO "schema_migrations" ("version") VALUES ($1)[0m  [["version", "20160628120321"]]
  [1m[35m (18.4ms)[0m  COMMIT
  [1m[36mActiveRecord::SchemaMigration Load (0.8ms)[0m  [1mSELECT "schema_migrations".* FROM "schema_migrations"[0m
  [1m[36mActiveRecord::SchemaMigration Load (1.4ms)[0m  [1mSELECT "schema_migrations".* FROM "schema_migrations"[0m
Migrating to AddPaymoneyFieldsToNovapays (20160628120836)
  [1m[35m (0.6ms)[0m  BEGIN
  [1m[36m (13.1ms)[0m  [1mALTER TABLE "novapays" ADD COLUMN "paymoney_account_number" text[0m
  [1m[35m (0.9ms)[0m  ALTER TABLE "novapays" ADD COLUMN "paymoney_account_token" character varying(255)
  [1m[36m (0.7ms)[0m  [1mALTER TABLE "novapays" ADD COLUMN "paymoney_reload_request" text[0m
  [1m[35m (0.6ms)[0m  ALTER TABLE "novapays" ADD COLUMN "paymoney_reload_response" text
  [1m[36m (0.6ms)[0m  [1mALTER TABLE "novapays" ADD COLUMN "paymoney_token_request" text[0m
  [1m[35m (0.7ms)[0m  ALTER TABLE "novapays" ADD COLUMN "paymoney_transaction_id" character varying(255)
  [1m[36mSQL (2.5ms)[0m  [1mINSERT INTO "schema_migrations" ("version") VALUES ($1)[0m  [["version", "20160628120836"]]
  [1m[35m (14.7ms)[0m  COMMIT
  [1m[36mActiveRecord::SchemaMigration Load (0.9ms)[0m  [1mSELECT "schema_migrations".* FROM "schema_migrations"[0m
  [1m[36mActiveRecord::SchemaMigration Load (1.4ms)[0m  [1mSELECT "schema_migrations".* FROM "schema_migrations"[0m
Migrating to AddPaymoneyFieldsToQashBaskets (20160628121441)
  [1m[35m (0.5ms)[0m  BEGIN
  [1m[36m (16.0ms)[0m  [1mALTER TABLE "qash_baskets" ADD COLUMN "paymoney_account_number" text[0m
  [1m[35m (1.0ms)[0m  ALTER TABLE "qash_baskets" ADD COLUMN "paymoney_account_token" character varying(255)
  [1m[36m (0.8ms)[0m  [1mALTER TABLE "qash_baskets" ADD COLUMN "paymoney_reload_request" text[0m
  [1m[35m (0.7ms)[0m  ALTER TABLE "qash_baskets" ADD COLUMN "paymoney_reload_response" text
  [1m[36m (0.7ms)[0m  [1mALTER TABLE "qash_baskets" ADD COLUMN "paymoney_token_request" text[0m
  [1m[35m (0.7ms)[0m  ALTER TABLE "qash_baskets" ADD COLUMN "paymoney_transaction_id" character varying(255)
  [1m[36mSQL (1.9ms)[0m  [1mINSERT INTO "schema_migrations" ("version") VALUES ($1)[0m  [["version", "20160628121441"]]
  [1m[35m (15.0ms)[0m  COMMIT
  [1m[36mActiveRecord::SchemaMigration Load (1.0ms)[0m  [1mSELECT "schema_migrations".* FROM "schema_migrations"[0m
  [1m[36mActiveRecord::SchemaMigration Load (1.7ms)[0m  [1mSELECT "schema_migrations".* FROM "schema_migrations"[0m
Migrating to AddPaymoneyFieldsToOrangeMoneyCiBaskets (20160628121814)
  [1m[35m (0.6ms)[0m  BEGIN
  [1m[36m (1.8ms)[0m  [1mALTER TABLE "orange_money_ci_baskets" ADD COLUMN "paymoney_account_number" text[0m
  [1m[35m (0.8ms)[0m  ALTER TABLE "orange_money_ci_baskets" ADD COLUMN "paymoney_account_token" character varying(255)
  [1m[36m (0.8ms)[0m  [1mALTER TABLE "orange_money_ci_baskets" ADD COLUMN "paymoney_reload_request" text[0m
  [1m[35m (0.7ms)[0m  ALTER TABLE "orange_money_ci_baskets" ADD COLUMN "paymoney_reload_response" text
  [1m[36m (1.1ms)[0m  [1mALTER TABLE "orange_money_ci_baskets" ADD COLUMN "paymoney_token_request" text[0m
  [1m[35m (0.7ms)[0m  ALTER TABLE "orange_money_ci_baskets" ADD COLUMN "paymoney_transaction_id" character varying(255)
  [1m[36mSQL (2.1ms)[0m  [1mINSERT INTO "schema_migrations" ("version") VALUES ($1)[0m  [["version", "20160628121814"]]
  [1m[35m (14.9ms)[0m  COMMIT
Migrating to AddPaymoneyFieldsToMtnCis (20160628121906)
  [1m[36m (0.6ms)[0m  [1mBEGIN[0m
  [1m[35m (1.4ms)[0m  ALTER TABLE "mtn_cis" ADD COLUMN "paymoney_account_number" text
  [1m[36m (0.5ms)[0m  [1mALTER TABLE "mtn_cis" ADD COLUMN "paymoney_account_token" character varying(255)[0m
  [1m[35m (0.5ms)[0m  ALTER TABLE "mtn_cis" ADD COLUMN "paymoney_reload_request" text
  [1m[36m (0.7ms)[0m  [1mALTER TABLE "mtn_cis" ADD COLUMN "paymoney_reload_response" text[0m
  [1m[35m (0.7ms)[0m  ALTER TABLE "mtn_cis" ADD COLUMN "paymoney_token_request" text
  [1m[36m (13.3ms)[0m  [1mALTER TABLE "mtn_cis" ADD COLUMN "paymoney_transaction_id" character varying(255)[0m
  [1m[35mSQL (0.8ms)[0m  INSERT INTO "schema_migrations" ("version") VALUES ($1)  [["version", "20160628121906"]]
  [1m[36m (56.8ms)[0m  [1mCOMMIT[0m
  [1m[35mActiveRecord::SchemaMigration Load (1.1ms)[0m  SELECT "schema_migrations".* FROM "schema_migrations"
  [1m[36mActiveRecord::SchemaMigration Load (72.8ms)[0m  [1mSELECT "schema_migrations".* FROM "schema_migrations"[0m
Migrating to AddCashoutFieldsToPaypal (20160702213032)
  [1m[35m (0.6ms)[0m  BEGIN
  [1m[36m (48.3ms)[0m  [1mALTER TABLE "paypals" ADD COLUMN "cashout" boolean[0m
PG::UndefinedTable: ERROR:  relation "paypals" does not exist
: ALTER TABLE "paypals" ADD COLUMN "cashout" boolean
  [1m[35m (0.6ms)[0m  ROLLBACK
  [1m[36mActiveRecord::SchemaMigration Load (1.3ms)[0m  [1mSELECT "schema_migrations".* FROM "schema_migrations"[0m
Migrating to AddCashoutFieldsToPaypalBaskets (20160702213138)
  [1m[35m (0.4ms)[0m  BEGIN
  [1m[36m (94.7ms)[0m  [1mALTER TABLE "paypal_baskets" ADD COLUMN "cashout" boolean[0m
  [1m[35m (1.0ms)[0m  ALTER TABLE "paypal_baskets" ADD COLUMN "cashout_completed" boolean
  [1m[36mSQL (2.4ms)[0m  [1mINSERT INTO "schema_migrations" ("version") VALUES ($1)[0m  [["version", "20160702213138"]]
  [1m[35m (37.9ms)[0m  COMMIT
  [1m[36mActiveRecord::SchemaMigration Load (1.1ms)[0m  [1mSELECT "schema_migrations".* FROM "schema_migrations"[0m
  [1m[36mActiveRecord::SchemaMigration Load (17.6ms)[0m  [1mSELECT "schema_migrations".* FROM "schema_migrations"[0m
Migrating to AddPaymoneyPasswordToPaypalBaskets (20160703090716)
  [1m[35m (0.6ms)[0m  BEGIN
  [1m[36m (111.0ms)[0m  [1mALTER TABLE "paypal_baskets" ADD COLUMN "paymoney_password" character varying(255)[0m
  [1m[35mSQL (2.0ms)[0m  INSERT INTO "schema_migrations" ("version") VALUES ($1)  [["version", "20160703090716"]]
  [1m[36m (18.3ms)[0m  [1mCOMMIT[0m
  [1m[35mActiveRecord::SchemaMigration Load (1.0ms)[0m  SELECT "schema_migrations".* FROM "schema_migrations"
  [1m[36mActiveRecord::SchemaMigration Load (18.4ms)[0m  [1mSELECT "schema_migrations".* FROM "schema_migrations"[0m
Migrating to AddCashoutFieldsToNovapays (20160703164336)
  [1m[35m (0.6ms)[0m  BEGIN
  [1m[36m (137.2ms)[0m  [1mALTER TABLE "novapays" ADD COLUMN "cashout" boolean[0m
  [1m[35m (0.7ms)[0m  ALTER TABLE "novapays" ADD COLUMN "cashout_completed" boolean
  [1m[36m (0.9ms)[0m  [1mALTER TABLE "novapays" ADD COLUMN "paymoney_password" character varying(255)[0m
  [1m[35mSQL (2.3ms)[0m  INSERT INTO "schema_migrations" ("version") VALUES ($1)  [["version", "20160703164336"]]
  [1m[36m (18.0ms)[0m  [1mCOMMIT[0m
Migrating to AddCashoutFieldsToUbas (20160703164359)
  [1m[35m (0.5ms)[0m  BEGIN
  [1m[36m (55.4ms)[0m  [1mALTER TABLE "ubas" ADD COLUMN "cashout" boolean[0m
  [1m[35m (0.8ms)[0m  ALTER TABLE "ubas" ADD COLUMN "cashout_completed" boolean
  [1m[36m (0.8ms)[0m  [1mALTER TABLE "ubas" ADD COLUMN "paymoney_password" character varying(255)[0m
  [1m[35mSQL (1.2ms)[0m  INSERT INTO "schema_migrations" ("version") VALUES ($1)  [["version", "20160703164359"]]
  [1m[36m (10.7ms)[0m  [1mCOMMIT[0m
Migrating to AddCashoutFieldsToOrangeMoneyCiBaskets (20160703164429)
  [1m[35m (0.6ms)[0m  BEGIN
  [1m[36m (28.4ms)[0m  [1mALTER TABLE "orange_money_ci_baskets" ADD COLUMN "cashout" boolean[0m
  [1m[35m (0.8ms)[0m  ALTER TABLE "orange_money_ci_baskets" ADD COLUMN "cashout_completed" boolean
  [1m[36m (0.7ms)[0m  [1mALTER TABLE "orange_money_ci_baskets" ADD COLUMN "paymoney_password" character varying(255)[0m
  [1m[35mSQL (1.0ms)[0m  INSERT INTO "schema_migrations" ("version") VALUES ($1)  [["version", "20160703164429"]]
  [1m[36m (5.1ms)[0m  [1mCOMMIT[0m
Migrating to AddCashoutFieldsToQashBaskets (20160703164454)
  [1m[35m (0.7ms)[0m  BEGIN
  [1m[36m (1.4ms)[0m  [1mALTER TABLE "qash_baskets" ADD COLUMN "cashout" boolean[0m
  [1m[35m (0.6ms)[0m  ALTER TABLE "qash_baskets" ADD COLUMN "cashout_completed" boolean
  [1m[36m (0.5ms)[0m  [1mALTER TABLE "qash_baskets" ADD COLUMN "paymoney_password" character varying(255)[0m
  [1m[35mSQL (1.0ms)[0m  INSERT INTO "schema_migrations" ("version") VALUES ($1)  [["version", "20160703164454"]]
  [1m[36m (11.3ms)[0m  [1mCOMMIT[0m
Migrating to AddCashoutFieldsToMtnCis (20160703164517)
  [1m[35m (0.5ms)[0m  BEGIN
  [1m[36m (0.9ms)[0m  [1mALTER TABLE "mtn_cis" ADD COLUMN "cashout" boolean[0m
  [1m[35m (0.6ms)[0m  ALTER TABLE "mtn_cis" ADD COLUMN "cashout_completed" boolean
  [1m[36m (0.7ms)[0m  [1mALTER TABLE "mtn_cis" ADD COLUMN "paymoney_password" character varying(255)[0m
  [1m[35mSQL (1.1ms)[0m  INSERT INTO "schema_migrations" ("version") VALUES ($1)  [["version", "20160703164517"]]
  [1m[36m (11.4ms)[0m  [1mCOMMIT[0m
  [1m[35mActiveRecord::SchemaMigration Load (0.8ms)[0m  SELECT "schema_migrations".* FROM "schema_migrations"
  [1m[36mActiveRecord::SchemaMigration Load (29.3ms)[0m  [1mSELECT "schema_migrations".* FROM "schema_migrations"[0m
Migrating to AddCashoutAccountNumberToPaypalBaskets (20160707195257)
  [1m[35m (0.5ms)[0m  BEGIN
  [1m[36m (115.6ms)[0m  [1mALTER TABLE "paypal_baskets" ADD COLUMN "cashout_account_number" character varying(255)[0m
  [1m[35m (0.7ms)[0m  ALTER TABLE "paypal_baskets" ADD COLUMN "cashout_notified_to_front_office" boolean
  [1m[36mSQL (2.4ms)[0m  [1mINSERT INTO "schema_migrations" ("version") VALUES ($1)[0m  [["version", "20160707195257"]]
  [1m[35m (17.7ms)[0m  COMMIT
  [1m[36mActiveRecord::SchemaMigration Load (0.8ms)[0m  [1mSELECT "schema_migrations".* FROM "schema_migrations"[0m
  [1m[36mActiveRecord::SchemaMigration Load (1.7ms)[0m  [1mSELECT "schema_migrations".* FROM "schema_migrations"[0m
Migrating to AddCashoutNotificationsToPaypalBaskets (20160707195815)
  [1m[35m (0.6ms)[0m  BEGIN
  [1m[36m (1.2ms)[0m  [1mALTER TABLE "paypal_baskets" ADD COLUMN "cashout_notification_request" text[0m
  [1m[35m (0.6ms)[0m  ALTER TABLE "paypal_baskets" ADD COLUMN "cashout_notification_response" text
  [1m[36mSQL (2.2ms)[0m  [1mINSERT INTO "schema_migrations" ("version") VALUES ($1)[0m  [["version", "20160707195815"]]
  [1m[35m (15.3ms)[0m  COMMIT
  [1m[36mActiveRecord::SchemaMigration Load (0.6ms)[0m  [1mSELECT "schema_migrations".* FROM "schema_migrations"[0m
  [1m[36mPaypalBasket Load (84.9ms)[0m  [1mSELECT "paypal_baskets".* FROM "paypal_baskets" ORDER BY "paypal_baskets"."id" ASC LIMIT 1[0m
  [1m[35mPaypalBasket Load (1.7ms)[0m  SELECT "paypal_baskets".* FROM "paypal_baskets" ORDER BY "paypal_baskets"."id" ASC LIMIT 1
  [1m[36mPaypalBasket Load (1.5ms)[0m  [1mSELECT "paypal_baskets".* FROM "paypal_baskets" ORDER BY "paypal_baskets"."id" ASC LIMIT 1[0m
  [1m[35mPaypalBasket Load (1.5ms)[0m  SELECT "paypal_baskets".* FROM "paypal_baskets" ORDER BY "paypal_baskets"."id" ASC LIMIT 1
  [1m[36mActiveRecord::SchemaMigration Load (29.3ms)[0m  [1mSELECT "schema_migrations".* FROM "schema_migrations"[0m
Migrating to AddcashoutLogFieldsToPaypalBaskets (20160708143430)
  [1m[35m (0.6ms)[0m  BEGIN
  [1m[36mSQL (2.7ms)[0m  [1mINSERT INTO "schema_migrations" ("version") VALUES ($1)[0m  [["version", "20160708143430"]]
  [1m[35m (15.2ms)[0m  COMMIT
  [1m[36mActiveRecord::SchemaMigration Load (0.9ms)[0m  [1mSELECT "schema_migrations".* FROM "schema_migrations"[0m
  [1m[36mActiveRecord::SchemaMigration Load (1.2ms)[0m  [1mSELECT "schema_migrations".* FROM "schema_migrations"[0m
  [1m[35mActiveRecord::SchemaMigration Load (0.7ms)[0m  SELECT "schema_migrations".* FROM "schema_migrations"
Migrating to AddcashoutLogFieldsToPaypalBaskets (20160708143430)
  [1m[36m (0.5ms)[0m  [1mBEGIN[0m
  [1m[35mSQL (44.5ms)[0m  DELETE FROM "schema_migrations" WHERE "schema_migrations"."version" = '20160708143430'
  [1m[36m (40.9ms)[0m  [1mCOMMIT[0m
  [1m[35mActiveRecord::SchemaMigration Load (0.8ms)[0m  SELECT "schema_migrations".* FROM "schema_migrations"
  [1m[36mActiveRecord::SchemaMigration Load (40.2ms)[0m  [1mSELECT "schema_migrations".* FROM "schema_migrations"[0m
Migrating to CreateFeeTypes (20160709184804)
  [1m[35m (0.5ms)[0m  BEGIN
  [1m[36m (454.7ms)[0m  [1mCREATE TABLE "fee_types" ("id" serial primary key, "name" character varying(255), "token" character varying(255), "created_at" timestamp, "updated_at" timestamp) [0m
  [1m[35m (38.8ms)[0m  CREATE INDEX "index_fee_types_on_token" ON "fee_types" ("token")
  [1m[36mSQL (1.9ms)[0m  [1mINSERT INTO "schema_migrations" ("version") VALUES ($1)[0m  [["version", "20160709184804"]]
  [1m[35m (21.4ms)[0m  COMMIT
Migrating to CreateFees (20160709185020)
  [1m[36m (0.5ms)[0m  [1mBEGIN[0m
  [1m[35m (44.2ms)[0m  CREATE TABLE "fees" ("id" serial primary key, "fee_type_id" integer, "min_value" float, "max_value" float, "fee_value" float, "created_at" timestamp, "updated_at" timestamp) 
  [1m[36m (31.1ms)[0m  [1mCREATE INDEX "index_fees_on_fee_type_id" ON "fees" ("fee_type_id")[0m
  [1m[35mSQL (0.9ms)[0m  INSERT INTO "schema_migrations" ("version") VALUES ($1)  [["version", "20160709185020"]]
  [1m[36m (13.5ms)[0m  [1mCOMMIT[0m
  [1m[35mActiveRecord::SchemaMigration Load (1.2ms)[0m  SELECT "schema_migrations".* FROM "schema_migrations"
  [1m[36mActiveRecord::SchemaMigration Load (18.3ms)[0m  [1mSELECT "schema_migrations".* FROM "schema_migrations"[0m
Migrating to AddCashoutLogFieldsToUbas (20160711161354)
  [1m[35m (0.6ms)[0m  BEGIN
  [1m[36m (28.7ms)[0m  [1mALTER TABLE "ubas" ADD COLUMN "cashout_account_number" character varying(255)[0m
  [1m[35m (1.1ms)[0m  ALTER TABLE "ubas" ADD COLUMN "cashout_notified_to_front_office" boolean
  [1m[36m (0.8ms)[0m  [1mALTER TABLE "ubas" ADD COLUMN "cashout_notification_request" text[0m
  [1m[35m (0.9ms)[0m  ALTER TABLE "ubas" ADD COLUMN "cashout_notification_response" text
  [1m[36mSQL (2.7ms)[0m  [1mINSERT INTO "schema_migrations" ("version") VALUES ($1)[0m  [["version", "20160711161354"]]
  [1m[35m (13.6ms)[0m  COMMIT
  [1m[36mActiveRecord::SchemaMigration Load (1.1ms)[0m  [1mSELECT "schema_migrations".* FROM "schema_migrations"[0m
  [1m[36mActiveRecord::SchemaMigration Load (1.9ms)[0m  [1mSELECT "schema_migrations".* FROM "schema_migrations"[0m
Migrating to AddCashoutLogFieldsToNovapays (20160711165353)
  [1m[35m (0.5ms)[0m  BEGIN
  [1m[36m (9.1ms)[0m  [1mALTER TABLE "novapays" ADD COLUMN "cashout_account_number" character varying(255)[0m
  [1m[35m (0.5ms)[0m  ALTER TABLE "novapays" ADD COLUMN "cashout_notified_to_front_office" boolean
  [1m[36m (1.0ms)[0m  [1mALTER TABLE "novapays" ADD COLUMN "cashout_notification_request" text[0m
  [1m[35m (1.0ms)[0m  ALTER TABLE "novapays" ADD COLUMN "cashout_notification_response" text
  [1m[36mSQL (2.3ms)[0m  [1mINSERT INTO "schema_migrations" ("version") VALUES ($1)[0m  [["version", "20160711165353"]]
  [1m[35m (16.5ms)[0m  COMMIT
Migrating to AddCashoutLogFieldsToMtnCis (20160711165424)
  [1m[36m (0.6ms)[0m  [1mBEGIN[0m
  [1m[35m (11.3ms)[0m  ALTER TABLE "mtn_cis" ADD COLUMN "cashout_account_number" character varying(255)
  [1m[36m (0.8ms)[0m  [1mALTER TABLE "mtn_cis" ADD COLUMN "cashout_notified_to_front_office" boolean[0m
  [1m[35m (0.8ms)[0m  ALTER TABLE "mtn_cis" ADD COLUMN "cashout_notification_request" text
  [1m[36m (0.9ms)[0m  [1mALTER TABLE "mtn_cis" ADD COLUMN "cashout_notification_response" text[0m
  [1m[35mSQL (1.0ms)[0m  INSERT INTO "schema_migrations" ("version") VALUES ($1)  [["version", "20160711165424"]]
  [1m[36m (9.7ms)[0m  [1mCOMMIT[0m
Migrating to AddCashoutLogFieldsToOrangeMoneyCiBaskets (20160711165456)
  [1m[35m (0.6ms)[0m  BEGIN
  [1m[36m (1.8ms)[0m  [1mALTER TABLE "orange_money_ci_baskets" ADD COLUMN "cashout_account_number" character varying(255)[0m
  [1m[35m (0.7ms)[0m  ALTER TABLE "orange_money_ci_baskets" ADD COLUMN "cashout_notified_to_front_office" boolean
  [1m[36m (0.7ms)[0m  [1mALTER TABLE "orange_money_ci_baskets" ADD COLUMN "cashout_notification_request" text[0m
  [1m[35m (0.7ms)[0m  ALTER TABLE "orange_money_ci_baskets" ADD COLUMN "cashout_notification_response" text
  [1m[36mSQL (1.3ms)[0m  [1mINSERT INTO "schema_migrations" ("version") VALUES ($1)[0m  [["version", "20160711165456"]]
  [1m[35m (7.3ms)[0m  COMMIT
Migrating to AddCashoutLogFieldsToQashBaskets (20160711165523)
  [1m[36m (0.6ms)[0m  [1mBEGIN[0m
  [1m[35m (1.3ms)[0m  ALTER TABLE "qash_baskets" ADD COLUMN "cashout_account_number" character varying(255)
  [1m[36m (0.6ms)[0m  [1mALTER TABLE "qash_baskets" ADD COLUMN "cashout_notified_to_front_office" boolean[0m
  [1m[35m (8.3ms)[0m  ALTER TABLE "qash_baskets" ADD COLUMN "cashout_notification_request" text
  [1m[36m (0.7ms)[0m  [1mALTER TABLE "qash_baskets" ADD COLUMN "cashout_notification_response" text[0m
  [1m[35mSQL (1.2ms)[0m  INSERT INTO "schema_migrations" ("version") VALUES ($1)  [["version", "20160711165523"]]
  [1m[36m (12.2ms)[0m  [1mCOMMIT[0m
  [1m[35mActiveRecord::SchemaMigration Load (1.0ms)[0m  SELECT "schema_migrations".* FROM "schema_migrations"
  [1m[36mBasket Load (76.2ms)[0m  [1mSELECT id, number FROM "baskets" WHERE (id =! 1)[0m
PG::UndefinedFunction: ERROR:  operator does not exist: integer =! integer
LINE 1: SELECT id, number FROM "baskets"  WHERE (id =! 1)
                                                    ^
HINT:  No operator matches the given name and argument type(s). You might need to add explicit type casts.
: SELECT id, number FROM "baskets"  WHERE (id =! 1)
  [1m[35mBasket Load (104.7ms)[0m  SELECT id, number FROM "baskets" WHERE (id = 1)
  [1m[36mBasket Load (1.3ms)[0m  [1mSELECT id, number FROM "baskets" WHERE (id = 90)[0m
  [1m[36m (12.2ms)[0m  [1mSELECT * FROM currencies_matches[0m
  [1m[35m (1.1ms)[0m  SELECT * FROM currencies_matches
  [1m[36m (1.2ms)[0m  [1mSELECT * FROM currencies_matches[0m
  [1m[35m (1.2ms)[0m  SELECT * FROM currencies_matches
  [1m[36m (1.0ms)[0m  [1mSELECT * FROM currencies_matches[0m
  [1m[35m (1.1ms)[0m  SELECT * FROM currencies_matches
  [1m[36m (1.1ms)[0m  [1mSELECT * FROM currencies_matches[0m
  [1m[36mActiveRecord::SchemaMigration Load (39.2ms)[0m  [1mSELECT "schema_migrations".* FROM "schema_migrations"[0m
Migrating to AddFeeToServices (20160930104227)
  [1m[35m (0.7ms)[0m  BEGIN
  [1m[36m (143.6ms)[0m  [1mALTER TABLE "services" ADD COLUMN "fee" float[0m
  [1m[35mSQL (2.4ms)[0m  INSERT INTO "schema_migrations" ("version") VALUES ($1)  [["version", "20160930104227"]]
  [1m[36m (8.6ms)[0m  [1mCOMMIT[0m
  [1m[35mActiveRecord::SchemaMigration Load (1.0ms)[0m  SELECT "schema_migrations".* FROM "schema_migrations"
>>>>>>> 1541baae075af15774a57b4af9db7e87e634c3dd

ActionView::Template::Error (/var/www/html/HubsBackOffice/app/views/mtn_cis/index.html.erb:318: syntax error, unexpected keyword_ensure, expecting keyword_end
/var/www/html/HubsBackOffice/app/views/mtn_cis/index.html.erb:320: syntax error, unexpected end-of-input, expecting keyword_end):
    315: </div>
    316: <% end %>
  actionpack (4.0.0) lib/action_view/template.rb:299:in `module_eval'
  actionpack (4.0.0) lib/action_view/template.rb:299:in `compile'
  actionpack (4.0.0) lib/action_view/template.rb:248:in `block in compile!'
  actionpack (4.0.0) lib/action_view/template.rb:236:in `synchronize'
  actionpack (4.0.0) lib/action_view/template.rb:236:in `compile!'
  actionpack (4.0.0) lib/action_view/template.rb:142:in `block in render'
  activesupport (4.0.0) lib/active_support/notifications.rb:161:in `instrument'
  actionpack (4.0.0) lib/action_view/template.rb:141:in `render'
  actionpack (4.0.0) lib/action_view/renderer/template_renderer.rb:49:in `block (2 levels) in render_template'
  actionpack (4.0.0) lib/action_view/renderer/abstract_renderer.rb:38:in `block in instrument'
  activesupport (4.0.0) lib/active_support/notifications.rb:159:in `block in instrument'
  activesupport (4.0.0) lib/active_support/notifications/instrumenter.rb:20:in `instrument'
  activesupport (4.0.0) lib/active_support/notifications.rb:159:in `instrument'
  actionpack (4.0.0) lib/action_view/renderer/abstract_renderer.rb:38:in `instrument'
  actionpack (4.0.0) lib/action_view/renderer/template_renderer.rb:48:in `block in render_template'
  actionpack (4.0.0) lib/action_view/renderer/template_renderer.rb:56:in `render_with_layout'
  actionpack (4.0.0) lib/action_view/renderer/template_renderer.rb:47:in `render_template'
  actionpack (4.0.0) lib/action_view/renderer/template_renderer.rb:17:in `render'
  actionpack (4.0.0) lib/action_view/renderer/renderer.rb:42:in `render_template'
  actionpack (4.0.0) lib/action_view/renderer/renderer.rb:23:in `render'
  actionpack (4.0.0) lib/abstract_controller/rendering.rb:127:in `_render_template'
  actionpack (4.0.0) lib/action_controller/metal/streaming.rb:219:in `_render_template'
  actionpack (4.0.0) lib/abstract_controller/rendering.rb:120:in `render_to_body'
  actionpack (4.0.0) lib/action_controller/metal/rendering.rb:33:in `render_to_body'
  actionpack (4.0.0) lib/action_controller/metal/renderers.rb:26:in `render_to_body'
  actionpack (4.0.0) lib/abstract_controller/rendering.rb:97:in `render'
  actionpack (4.0.0) lib/action_controller/metal/rendering.rb:16:in `render'
  actionpack (4.0.0) lib/action_controller/metal/instrumentation.rb:41:in `block (2 levels) in render'
  activesupport (4.0.0) lib/active_support/core_ext/benchmark.rb:12:in `block in ms'
  /home/ngser/.rvm/rubies/ruby-2.0.0-p195/lib/ruby/2.0.0/benchmark.rb:296:in `realtime'
  activesupport (4.0.0) lib/active_support/core_ext/benchmark.rb:12:in `ms'
  actionpack (4.0.0) lib/action_controller/metal/instrumentation.rb:41:in `block in render'
  actionpack (4.0.0) lib/action_controller/metal/instrumentation.rb:84:in `cleanup_view_runtime'
  activerecord (4.0.0) lib/active_record/railties/controller_runtime.rb:25:in `cleanup_view_runtime'
  actionpack (4.0.0) lib/action_controller/metal/instrumentation.rb:40:in `render'
  actionpack (4.0.0) lib/action_controller/metal/implicit_render.rb:10:in `default_render'
  actionpack (4.0.0) lib/action_controller/metal/implicit_render.rb:5:in `send_action'
  actionpack (4.0.0) lib/abstract_controller/base.rb:189:in `process_action'
  actionpack (4.0.0) lib/action_controller/metal/rendering.rb:10:in `process_action'
  actionpack (4.0.0) lib/abstract_controller/callbacks.rb:18:in `block in process_action'
  activesupport (4.0.0) lib/active_support/callbacks.rb:423:in `_run__4516416957341324765__process_action__callbacks'
  activesupport (4.0.0) lib/active_support/callbacks.rb:80:in `run_callbacks'
  actionpack (4.0.0) lib/abstract_controller/callbacks.rb:17:in `process_action'
  actionpack (4.0.0) lib/action_controller/metal/rescue.rb:29:in `process_action'
  actionpack (4.0.0) lib/action_controller/metal/instrumentation.rb:31:in `block in process_action'
  activesupport (4.0.0) lib/active_support/notifications.rb:159:in `block in instrument'
  activesupport (4.0.0) lib/active_support/notifications/instrumenter.rb:20:in `instrument'
  activesupport (4.0.0) lib/active_support/notifications.rb:159:in `instrument'
  actionpack (4.0.0) lib/action_controller/metal/instrumentation.rb:30:in `process_action'
  actionpack (4.0.0) lib/action_controller/metal/params_wrapper.rb:245:in `process_action'
  activerecord (4.0.0) lib/active_record/railties/controller_runtime.rb:18:in `process_action'
  actionpack (4.0.0) lib/abstract_controller/base.rb:136:in `process'
  actionpack (4.0.0) lib/abstract_controller/rendering.rb:44:in `process'
  actionpack (4.0.0) lib/action_controller/metal.rb:195:in `dispatch'
  actionpack (4.0.0) lib/action_controller/metal/rack_delegation.rb:13:in `dispatch'
  actionpack (4.0.0) lib/action_controller/metal.rb:231:in `block in action'
  actionpack (4.0.0) lib/action_dispatch/routing/route_set.rb:80:in `call'
  actionpack (4.0.0) lib/action_dispatch/routing/route_set.rb:80:in `dispatch'
  actionpack (4.0.0) lib/action_dispatch/routing/route_set.rb:48:in `call'
  actionpack (4.0.0) lib/action_dispatch/journey/router.rb:71:in `block in call'
  actionpack (4.0.0) lib/action_dispatch/journey/router.rb:59:in `each'
  actionpack (4.0.0) lib/action_dispatch/journey/router.rb:59:in `call'
  actionpack (4.0.0) lib/action_dispatch/routing/route_set.rb:655:in `call'
  rack (1.5.2) lib/rack/etag.rb:23:in `call'
  rack (1.5.2) lib/rack/conditionalget.rb:25:in `call'
  rack (1.5.2) lib/rack/head.rb:11:in `call'
  actionpack (4.0.0) lib/action_dispatch/middleware/params_parser.rb:27:in `call'
  actionpack (4.0.0) lib/action_dispatch/middleware/flash.rb:241:in `call'
  rack (1.5.2) lib/rack/session/abstract/id.rb:225:in `context'
  rack (1.5.2) lib/rack/session/abstract/id.rb:220:in `call'
  actionpack (4.0.0) lib/action_dispatch/middleware/cookies.rb:486:in `call'
  activerecord (4.0.0) lib/active_record/query_cache.rb:36:in `call'
  activerecord (4.0.0) lib/active_record/connection_adapters/abstract/connection_pool.rb:626:in `call'
  activerecord (4.0.0) lib/active_record/migration.rb:369:in `call'
  actionpack (4.0.0) lib/action_dispatch/middleware/callbacks.rb:29:in `block in call'
  activesupport (4.0.0) lib/active_support/callbacks.rb:373:in `_run__1514520347239166182__call__callbacks'
  activesupport (4.0.0) lib/active_support/callbacks.rb:80:in `run_callbacks'
  actionpack (4.0.0) lib/action_dispatch/middleware/callbacks.rb:27:in `call'
  actionpack (4.0.0) lib/action_dispatch/middleware/reloader.rb:64:in `call'
  actionpack (4.0.0) lib/action_dispatch/middleware/remote_ip.rb:76:in `call'
  actionpack (4.0.0) lib/action_dispatch/middleware/debug_exceptions.rb:17:in `call'
  actionpack (4.0.0) lib/action_dispatch/middleware/show_exceptions.rb:30:in `call'
  railties (4.0.0) lib/rails/rack/logger.rb:38:in `call_app'
  railties (4.0.0) lib/rails/rack/logger.rb:21:in `block in call'
  activesupport (4.0.0) lib/active_support/tagged_logging.rb:67:in `block in tagged'
  activesupport (4.0.0) lib/active_support/tagged_logging.rb:25:in `tagged'
  activesupport (4.0.0) lib/active_support/tagged_logging.rb:67:in `tagged'
  railties (4.0.0) lib/rails/rack/logger.rb:21:in `call'
  actionpack (4.0.0) lib/action_dispatch/middleware/request_id.rb:21:in `call'
  rack (1.5.2) lib/rack/methodoverride.rb:21:in `call'
  rack (1.5.2) lib/rack/runtime.rb:17:in `call'
  activesupport (4.0.0) lib/active_support/cache/strategy/local_cache.rb:83:in `call'
  rack (1.5.2) lib/rack/lock.rb:17:in `call'
  actionpack (4.0.0) lib/action_dispatch/middleware/static.rb:64:in `call'
  railties (4.0.0) lib/rails/engine.rb:511:in `call'
  railties (4.0.0) lib/rails/application.rb:97:in `call'
  activerecord (4.0.0) lib/active_record/connection_adapters/abstract/connection_pool.rb:626:in `call'
  passenger (4.0.56) lib/phusion_passenger/rack/thread_handler_extension.rb:74:in `process_request'
  passenger (4.0.56) lib/phusion_passenger/request_handler/thread_handler.rb:141:in `accept_and_process_next_request'
  passenger (4.0.56) lib/phusion_passenger/request_handler/thread_handler.rb:109:in `main_loop'
  passenger (4.0.56) lib/phusion_passenger/request_handler.rb:455:in `block (3 levels) in start_threads'


