I, [2014-01-22T15:54:12.054077 #29851]  INFO -- : Started GET "/" for 127.0.0.1 at 2014-01-22 15:54:12 +0000
F, [2014-01-22T15:54:12.127002 #29851] FATAL -- : 
PG::ConnectionBad (FATAL:  la base de données « HubsBackOffice_production » n'existe pas
):
  vendor/bundle/ruby/2.0.0/gems/activerecord-4.0.0/lib/active_record/connection_adapters/postgresql_adapter.rb:825:in `initialize'
  vendor/bundle/ruby/2.0.0/gems/activerecord-4.0.0/lib/active_record/connection_adapters/postgresql_adapter.rb:825:in `new'
  vendor/bundle/ruby/2.0.0/gems/activerecord-4.0.0/lib/active_record/connection_adapters/postgresql_adapter.rb:825:in `connect'
  vendor/bundle/ruby/2.0.0/gems/activerecord-4.0.0/lib/active_record/connection_adapters/postgresql_adapter.rb:542:in `initialize'
  vendor/bundle/ruby/2.0.0/gems/activerecord-4.0.0/lib/active_record/connection_adapters/postgresql_adapter.rb:41:in `new'
  vendor/bundle/ruby/2.0.0/gems/activerecord-4.0.0/lib/active_record/connection_adapters/postgresql_adapter.rb:41:in `postgresql_connection'
  vendor/bundle/ruby/2.0.0/gems/activerecord-4.0.0/lib/active_record/connection_adapters/abstract/connection_pool.rb:440:in `new_connection'
  vendor/bundle/ruby/2.0.0/gems/activerecord-4.0.0/lib/active_record/connection_adapters/abstract/connection_pool.rb:450:in `checkout_new_connection'
  vendor/bundle/ruby/2.0.0/gems/activerecord-4.0.0/lib/active_record/connection_adapters/abstract/connection_pool.rb:421:in `acquire_connection'
  vendor/bundle/ruby/2.0.0/gems/activerecord-4.0.0/lib/active_record/connection_adapters/abstract/connection_pool.rb:356:in `block in checkout'
  /home/ngser/.rvm/rubies/ruby-2.0.0-p195/lib/ruby/2.0.0/monitor.rb:211:in `mon_synchronize'
  vendor/bundle/ruby/2.0.0/gems/activerecord-4.0.0/lib/active_record/connection_adapters/abstract/connection_pool.rb:355:in `checkout'
  vendor/bundle/ruby/2.0.0/gems/activerecord-4.0.0/lib/active_record/connection_adapters/abstract/connection_pool.rb:265:in `block in connection'
  /home/ngser/.rvm/rubies/ruby-2.0.0-p195/lib/ruby/2.0.0/monitor.rb:211:in `mon_synchronize'
  vendor/bundle/ruby/2.0.0/gems/activerecord-4.0.0/lib/active_record/connection_adapters/abstract/connection_pool.rb:264:in `connection'
  vendor/bundle/ruby/2.0.0/gems/activerecord-4.0.0/lib/active_record/connection_adapters/abstract/connection_pool.rb:546:in `retrieve_connection'
  vendor/bundle/ruby/2.0.0/gems/activerecord-4.0.0/lib/active_record/connection_handling.rb:79:in `retrieve_connection'
  vendor/bundle/ruby/2.0.0/gems/activerecord-4.0.0/lib/active_record/connection_handling.rb:53:in `connection'
  vendor/bundle/ruby/2.0.0/gems/activerecord-4.0.0/lib/active_record/query_cache.rb:51:in `restore_query_cache_settings'
  vendor/bundle/ruby/2.0.0/gems/activerecord-4.0.0/lib/active_record/query_cache.rb:43:in `rescue in call'
  vendor/bundle/ruby/2.0.0/gems/activerecord-4.0.0/lib/active_record/query_cache.rb:32:in `call'
  vendor/bundle/ruby/2.0.0/gems/activerecord-4.0.0/lib/active_record/connection_adapters/abstract/connection_pool.rb:626:in `call'
  vendor/bundle/ruby/2.0.0/gems/actionpack-4.0.0/lib/action_dispatch/middleware/callbacks.rb:29:in `block in call'
  vendor/bundle/ruby/2.0.0/gems/activesupport-4.0.0/lib/active_support/callbacks.rb:373:in `_run__415113238067130819__call__callbacks'
  vendor/bundle/ruby/2.0.0/gems/activesupport-4.0.0/lib/active_support/callbacks.rb:80:in `run_callbacks'
  vendor/bundle/ruby/2.0.0/gems/actionpack-4.0.0/lib/action_dispatch/middleware/callbacks.rb:27:in `call'
  vendor/bundle/ruby/2.0.0/gems/actionpack-4.0.0/lib/action_dispatch/middleware/remote_ip.rb:76:in `call'
  vendor/bundle/ruby/2.0.0/gems/actionpack-4.0.0/lib/action_dispatch/middleware/debug_exceptions.rb:17:in `call'
  vendor/bundle/ruby/2.0.0/gems/actionpack-4.0.0/lib/action_dispatch/middleware/show_exceptions.rb:30:in `call'
  vendor/bundle/ruby/2.0.0/gems/railties-4.0.0/lib/rails/rack/logger.rb:38:in `call_app'
  vendor/bundle/ruby/2.0.0/gems/railties-4.0.0/lib/rails/rack/logger.rb:21:in `block in call'
  vendor/bundle/ruby/2.0.0/gems/activesupport-4.0.0/lib/active_support/tagged_logging.rb:67:in `block in tagged'
  vendor/bundle/ruby/2.0.0/gems/activesupport-4.0.0/lib/active_support/tagged_logging.rb:25:in `tagged'
  vendor/bundle/ruby/2.0.0/gems/activesupport-4.0.0/lib/active_support/tagged_logging.rb:67:in `tagged'
  vendor/bundle/ruby/2.0.0/gems/railties-4.0.0/lib/rails/rack/logger.rb:21:in `call'
  vendor/bundle/ruby/2.0.0/gems/actionpack-4.0.0/lib/action_dispatch/middleware/request_id.rb:21:in `call'
  vendor/bundle/ruby/2.0.0/gems/rack-1.5.2/lib/rack/methodoverride.rb:21:in `call'
  vendor/bundle/ruby/2.0.0/gems/rack-1.5.2/lib/rack/runtime.rb:17:in `call'
  vendor/bundle/ruby/2.0.0/gems/activesupport-4.0.0/lib/active_support/cache/strategy/local_cache.rb:83:in `call'
  vendor/bundle/ruby/2.0.0/gems/railties-4.0.0/lib/rails/engine.rb:511:in `call'
  vendor/bundle/ruby/2.0.0/gems/railties-4.0.0/lib/rails/application.rb:97:in `call'
  /home/ngser/.rvm/gems/ruby-2.0.0-p195@rails4.0.0/gems/passenger-4.0.35/lib/phusion_passenger/rack/thread_handler_extension.rb:77:in `process_request'
  /home/ngser/.rvm/gems/ruby-2.0.0-p195@rails4.0.0/gems/passenger-4.0.35/lib/phusion_passenger/request_handler/thread_handler.rb:142:in `accept_and_process_next_request'
  /home/ngser/.rvm/gems/ruby-2.0.0-p195@rails4.0.0/gems/passenger-4.0.35/lib/phusion_passenger/request_handler/thread_handler.rb:110:in `main_loop'
  /home/ngser/.rvm/gems/ruby-2.0.0-p195@rails4.0.0/gems/passenger-4.0.35/lib/phusion_passenger/request_handler.rb:441:in `block (3 levels) in start_threads'


I, [2014-01-22T15:56:22.171531 #30045]  INFO -- : Started GET "/" for 127.0.0.1 at 2014-01-22 15:56:22 +0000
F, [2014-01-22T15:56:22.222471 #30045] FATAL -- : 
PG::ConnectionBad (FATAL:  la base de données « HubsBackOffice_production » n'existe pas
):
  vendor/bundle/ruby/2.0.0/gems/activerecord-4.0.0/lib/active_record/connection_adapters/postgresql_adapter.rb:825:in `initialize'
  vendor/bundle/ruby/2.0.0/gems/activerecord-4.0.0/lib/active_record/connection_adapters/postgresql_adapter.rb:825:in `new'
  vendor/bundle/ruby/2.0.0/gems/activerecord-4.0.0/lib/active_record/connection_adapters/postgresql_adapter.rb:825:in `connect'
  vendor/bundle/ruby/2.0.0/gems/activerecord-4.0.0/lib/active_record/connection_adapters/postgresql_adapter.rb:542:in `initialize'
  vendor/bundle/ruby/2.0.0/gems/activerecord-4.0.0/lib/active_record/connection_adapters/postgresql_adapter.rb:41:in `new'
  vendor/bundle/ruby/2.0.0/gems/activerecord-4.0.0/lib/active_record/connection_adapters/postgresql_adapter.rb:41:in `postgresql_connection'
  vendor/bundle/ruby/2.0.0/gems/activerecord-4.0.0/lib/active_record/connection_adapters/abstract/connection_pool.rb:440:in `new_connection'
  vendor/bundle/ruby/2.0.0/gems/activerecord-4.0.0/lib/active_record/connection_adapters/abstract/connection_pool.rb:450:in `checkout_new_connection'
  vendor/bundle/ruby/2.0.0/gems/activerecord-4.0.0/lib/active_record/connection_adapters/abstract/connection_pool.rb:421:in `acquire_connection'
  vendor/bundle/ruby/2.0.0/gems/activerecord-4.0.0/lib/active_record/connection_adapters/abstract/connection_pool.rb:356:in `block in checkout'
  /home/ngser/.rvm/rubies/ruby-2.0.0-p195/lib/ruby/2.0.0/monitor.rb:211:in `mon_synchronize'
  vendor/bundle/ruby/2.0.0/gems/activerecord-4.0.0/lib/active_record/connection_adapters/abstract/connection_pool.rb:355:in `checkout'
  vendor/bundle/ruby/2.0.0/gems/activerecord-4.0.0/lib/active_record/connection_adapters/abstract/connection_pool.rb:265:in `block in connection'
  /home/ngser/.rvm/rubies/ruby-2.0.0-p195/lib/ruby/2.0.0/monitor.rb:211:in `mon_synchronize'
  vendor/bundle/ruby/2.0.0/gems/activerecord-4.0.0/lib/active_record/connection_adapters/abstract/connection_pool.rb:264:in `connection'
  vendor/bundle/ruby/2.0.0/gems/activerecord-4.0.0/lib/active_record/connection_adapters/abstract/connection_pool.rb:546:in `retrieve_connection'
  vendor/bundle/ruby/2.0.0/gems/activerecord-4.0.0/lib/active_record/connection_handling.rb:79:in `retrieve_connection'
  vendor/bundle/ruby/2.0.0/gems/activerecord-4.0.0/lib/active_record/connection_handling.rb:53:in `connection'
  vendor/bundle/ruby/2.0.0/gems/activerecord-4.0.0/lib/active_record/query_cache.rb:51:in `restore_query_cache_settings'
  vendor/bundle/ruby/2.0.0/gems/activerecord-4.0.0/lib/active_record/query_cache.rb:43:in `rescue in call'
  vendor/bundle/ruby/2.0.0/gems/activerecord-4.0.0/lib/active_record/query_cache.rb:32:in `call'
  vendor/bundle/ruby/2.0.0/gems/activerecord-4.0.0/lib/active_record/connection_adapters/abstract/connection_pool.rb:626:in `call'
  vendor/bundle/ruby/2.0.0/gems/actionpack-4.0.0/lib/action_dispatch/middleware/callbacks.rb:29:in `block in call'
  vendor/bundle/ruby/2.0.0/gems/activesupport-4.0.0/lib/active_support/callbacks.rb:373:in `_run__1621739103949854393__call__callbacks'
  vendor/bundle/ruby/2.0.0/gems/activesupport-4.0.0/lib/active_support/callbacks.rb:80:in `run_callbacks'
  vendor/bundle/ruby/2.0.0/gems/actionpack-4.0.0/lib/action_dispatch/middleware/callbacks.rb:27:in `call'
  vendor/bundle/ruby/2.0.0/gems/actionpack-4.0.0/lib/action_dispatch/middleware/remote_ip.rb:76:in `call'
  vendor/bundle/ruby/2.0.0/gems/actionpack-4.0.0/lib/action_dispatch/middleware/debug_exceptions.rb:17:in `call'
  vendor/bundle/ruby/2.0.0/gems/actionpack-4.0.0/lib/action_dispatch/middleware/show_exceptions.rb:30:in `call'
  vendor/bundle/ruby/2.0.0/gems/railties-4.0.0/lib/rails/rack/logger.rb:38:in `call_app'
  vendor/bundle/ruby/2.0.0/gems/railties-4.0.0/lib/rails/rack/logger.rb:21:in `block in call'
  vendor/bundle/ruby/2.0.0/gems/activesupport-4.0.0/lib/active_support/tagged_logging.rb:67:in `block in tagged'
  vendor/bundle/ruby/2.0.0/gems/activesupport-4.0.0/lib/active_support/tagged_logging.rb:25:in `tagged'
  vendor/bundle/ruby/2.0.0/gems/activesupport-4.0.0/lib/active_support/tagged_logging.rb:67:in `tagged'
  vendor/bundle/ruby/2.0.0/gems/railties-4.0.0/lib/rails/rack/logger.rb:21:in `call'
  vendor/bundle/ruby/2.0.0/gems/actionpack-4.0.0/lib/action_dispatch/middleware/request_id.rb:21:in `call'
  vendor/bundle/ruby/2.0.0/gems/rack-1.5.2/lib/rack/methodoverride.rb:21:in `call'
  vendor/bundle/ruby/2.0.0/gems/rack-1.5.2/lib/rack/runtime.rb:17:in `call'
  vendor/bundle/ruby/2.0.0/gems/activesupport-4.0.0/lib/active_support/cache/strategy/local_cache.rb:83:in `call'
  vendor/bundle/ruby/2.0.0/gems/railties-4.0.0/lib/rails/engine.rb:511:in `call'
  vendor/bundle/ruby/2.0.0/gems/railties-4.0.0/lib/rails/application.rb:97:in `call'
  /home/ngser/.rvm/gems/ruby-2.0.0-p195@rails4.0.0/gems/passenger-4.0.35/lib/phusion_passenger/rack/thread_handler_extension.rb:77:in `process_request'
  /home/ngser/.rvm/gems/ruby-2.0.0-p195@rails4.0.0/gems/passenger-4.0.35/lib/phusion_passenger/request_handler/thread_handler.rb:142:in `accept_and_process_next_request'
  /home/ngser/.rvm/gems/ruby-2.0.0-p195@rails4.0.0/gems/passenger-4.0.35/lib/phusion_passenger/request_handler/thread_handler.rb:110:in `main_loop'
  /home/ngser/.rvm/gems/ruby-2.0.0-p195@rails4.0.0/gems/passenger-4.0.35/lib/phusion_passenger/request_handler.rb:441:in `block (3 levels) in start_threads'


